<?xml version="1.0" encoding="UTF-8"?>
<coverage generated="1710974181214" clover="3.2.0">
  <project timestamp="1710974181214" name="All files">
    <metrics statements="591" coveredstatements="558" conditionals="181" coveredconditionals="150" methods="56" coveredmethods="56" elements="828" coveredelements="764" complexity="0" loc="591" ncloc="591" packages="2" files="9" classes="9"/>
    <package name="date-master">
      <metrics statements="324" coveredstatements="315" conditionals="83" coveredconditionals="77" methods="35" coveredmethods="35"/>
      <file name="unitTestingTask.js" path="/Users/asierbista/WebstormProjects/date-master/unitTestingTask.js">
        <metrics statements="324" coveredstatements="315" conditionals="83" coveredconditionals="77" methods="35" coveredmethods="35"/>
        <line num="1" count="1" type="cond" truecount="1" falsecount="0"/>
        <line num="2" count="26" type="cond" truecount="0" falsecount="2"/>
        <line num="3" count="0" type="stmt"/>
        <line num="4" count="0" type="stmt"/>
        <line num="5" count="0" type="stmt"/>
        <line num="6" count="26" type="stmt"/>
        <line num="7" count="26" type="stmt"/>
        <line num="8" count="26" type="cond" truecount="0" falsecount="1"/>
        <line num="9" count="0" type="stmt"/>
        <line num="10" count="0" type="stmt"/>
        <line num="11" count="1" type="cond" truecount="1" falsecount="0"/>
        <line num="12" count="26" type="stmt"/>
        <line num="13" count="26" type="stmt"/>
        <line num="14" count="26" type="stmt"/>
        <line num="15" count="26" type="stmt"/>
        <line num="16" count="26" type="stmt"/>
        <line num="17" count="26" type="stmt"/>
        <line num="18" count="26" type="stmt"/>
        <line num="19" count="26" type="stmt"/>
        <line num="20" count="26" type="stmt"/>
        <line num="21" count="26" type="stmt"/>
        <line num="22" count="26" type="stmt"/>
        <line num="23" count="26" type="cond" truecount="1" falsecount="0"/>
        <line num="24" count="1594" type="stmt"/>
        <line num="25" count="1594" type="cond" truecount="2" falsecount="0"/>
        <line num="26" count="1594" type="stmt"/>
        <line num="27" count="1594" type="cond" truecount="0" falsecount="1"/>
        <line num="28" count="0" type="stmt"/>
        <line num="29" count="0" type="stmt"/>
        <line num="30" count="1594" type="stmt"/>
        <line num="31" count="1594" type="stmt"/>
        <line num="32" count="1594" type="cond" truecount="1" falsecount="0"/>
        <line num="33" count="1594" type="stmt"/>
        <line num="34" count="1594" type="stmt"/>
        <line num="35" count="1594" type="stmt"/>
        <line num="36" count="26" type="stmt"/>
        <line num="37" count="26" type="stmt"/>
        <line num="38" count="26" type="stmt"/>
        <line num="39" count="26" type="stmt"/>
        <line num="40" count="26" type="cond" truecount="1" falsecount="0"/>
        <line num="41" count="111" type="stmt"/>
        <line num="42" count="26" type="stmt"/>
        <line num="43" count="26" type="cond" truecount="1" falsecount="0"/>
        <line num="44" count="108" type="stmt"/>
        <line num="45" count="26" type="stmt"/>
        <line num="46" count="26" type="cond" truecount="1" falsecount="0"/>
        <line num="47" count="204" type="stmt"/>
        <line num="48" count="26" type="stmt"/>
        <line num="49" count="26" type="cond" truecount="1" falsecount="0"/>
        <line num="50" count="276" type="stmt"/>
        <line num="51" count="26" type="stmt"/>
        <line num="52" count="26" type="cond" truecount="1" falsecount="0"/>
        <line num="53" count="249" type="stmt"/>
        <line num="54" count="26" type="stmt"/>
        <line num="55" count="26" type="cond" truecount="1" falsecount="0"/>
        <line num="56" count="108" type="stmt"/>
        <line num="57" count="26" type="stmt"/>
        <line num="58" count="26" type="cond" truecount="1" falsecount="0"/>
        <line num="59" count="109" type="stmt"/>
        <line num="60" count="26" type="stmt"/>
        <line num="61" count="26" type="cond" truecount="1" falsecount="0"/>
        <line num="62" count="108" type="stmt"/>
        <line num="63" count="26" type="stmt"/>
        <line num="64" count="26" type="cond" truecount="1" falsecount="0"/>
        <line num="65" count="108" type="stmt"/>
        <line num="66" count="26" type="stmt"/>
        <line num="67" count="26" type="cond" truecount="1" falsecount="0"/>
        <line num="68" count="265" type="stmt"/>
        <line num="69" count="26" type="stmt"/>
        <line num="70" count="26" type="cond" truecount="1" falsecount="0"/>
        <line num="71" count="108" type="stmt"/>
        <line num="72" count="26" type="stmt"/>
        <line num="73" count="26" type="cond" truecount="1" falsecount="0"/>
        <line num="74" count="108" type="stmt"/>
        <line num="75" count="26" type="stmt"/>
        <line num="76" count="26" type="cond" truecount="1" falsecount="0"/>
        <line num="77" count="108" type="stmt"/>
        <line num="78" count="26" type="stmt"/>
        <line num="79" count="26" type="cond" truecount="1" falsecount="0"/>
        <line num="80" count="108" type="cond" truecount="1" falsecount="0"/>
        <line num="81" count="26" type="stmt"/>
        <line num="82" count="26" type="cond" truecount="1" falsecount="0"/>
        <line num="83" count="108" type="cond" truecount="1" falsecount="0"/>
        <line num="84" count="26" type="stmt"/>
        <line num="85" count="26" type="cond" truecount="1" falsecount="0"/>
        <line num="86" count="108" type="stmt"/>
        <line num="87" count="26" type="stmt"/>
        <line num="88" count="26" type="cond" truecount="1" falsecount="0"/>
        <line num="89" count="108" type="stmt"/>
        <line num="90" count="26" type="stmt"/>
        <line num="91" count="26" type="cond" truecount="1" falsecount="0"/>
        <line num="92" count="108" type="stmt"/>
        <line num="93" count="26" type="stmt"/>
        <line num="94" count="26" type="cond" truecount="1" falsecount="0"/>
        <line num="95" count="108" type="stmt"/>
        <line num="96" count="26" type="stmt"/>
        <line num="97" count="26" type="cond" truecount="1" falsecount="0"/>
        <line num="98" count="108" type="stmt"/>
        <line num="99" count="26" type="stmt"/>
        <line num="100" count="26" type="cond" truecount="1" falsecount="0"/>
        <line num="101" count="108" type="stmt"/>
        <line num="102" count="26" type="stmt"/>
        <line num="103" count="26" type="cond" truecount="1" falsecount="0"/>
        <line num="104" count="132" type="stmt"/>
        <line num="105" count="26" type="stmt"/>
        <line num="106" count="26" type="cond" truecount="1" falsecount="0"/>
        <line num="107" count="132" type="stmt"/>
        <line num="108" count="26" type="stmt"/>
        <line num="109" count="26" type="cond" truecount="1" falsecount="0"/>
        <line num="110" count="216" type="stmt"/>
        <line num="111" count="216" type="stmt"/>
        <line num="112" count="216" type="stmt"/>
        <line num="113" count="216" type="cond" truecount="0" falsecount="1"/>
        <line num="114" count="216" type="stmt"/>
        <line num="115" count="216" type="cond" truecount="1" falsecount="0"/>
        <line num="116" count="216" type="stmt"/>
        <line num="117" count="216" type="stmt"/>
        <line num="118" count="26" type="stmt"/>
        <line num="119" count="26" type="cond" truecount="1" falsecount="0"/>
        <line num="120" count="108" type="stmt"/>
        <line num="121" count="108" type="stmt"/>
        <line num="122" count="26" type="stmt"/>
        <line num="123" count="26" type="stmt"/>
        <line num="124" count="26" type="stmt"/>
        <line num="125" count="26" type="cond" truecount="1" falsecount="0"/>
        <line num="126" count="650" type="stmt"/>
        <line num="127" count="650" type="stmt"/>
        <line num="128" count="650" type="stmt"/>
        <line num="129" count="650" type="stmt"/>
        <line num="130" count="26" type="stmt"/>
        <line num="131" count="26" type="stmt"/>
        <line num="132" count="26" type="stmt"/>
        <line num="133" count="26" type="stmt"/>
        <line num="134" count="26" type="stmt"/>
        <line num="135" count="26" type="stmt"/>
        <line num="136" count="26" type="stmt"/>
        <line num="137" count="26" type="stmt"/>
        <line num="138" count="26" type="stmt"/>
        <line num="139" count="26" type="stmt"/>
        <line num="140" count="26" type="stmt"/>
        <line num="141" count="26" type="stmt"/>
        <line num="142" count="26" type="stmt"/>
        <line num="143" count="26" type="stmt"/>
        <line num="144" count="26" type="stmt"/>
        <line num="145" count="26" type="stmt"/>
        <line num="146" count="26" type="stmt"/>
        <line num="147" count="26" type="stmt"/>
        <line num="148" count="26" type="stmt"/>
        <line num="149" count="26" type="stmt"/>
        <line num="150" count="26" type="stmt"/>
        <line num="151" count="26" type="stmt"/>
        <line num="152" count="26" type="stmt"/>
        <line num="153" count="26" type="stmt"/>
        <line num="154" count="26" type="stmt"/>
        <line num="155" count="26" type="stmt"/>
        <line num="156" count="26" type="stmt"/>
        <line num="157" count="26" type="stmt"/>
        <line num="158" count="26" type="stmt"/>
        <line num="159" count="26" type="stmt"/>
        <line num="160" count="26" type="stmt"/>
        <line num="161" count="26" type="stmt"/>
        <line num="162" count="26" type="stmt"/>
        <line num="163" count="26" type="stmt"/>
        <line num="164" count="26" type="stmt"/>
        <line num="165" count="26" type="stmt"/>
        <line num="166" count="26" type="stmt"/>
        <line num="167" count="26" type="stmt"/>
        <line num="168" count="26" type="stmt"/>
        <line num="169" count="26" type="stmt"/>
        <line num="170" count="26" type="cond" truecount="1" falsecount="0"/>
        <line num="171" count="3167" type="cond" truecount="2" falsecount="0"/>
        <line num="172" count="10" type="stmt"/>
        <line num="173" count="10" type="cond" truecount="2" falsecount="0"/>
        <line num="174" count="3157" type="stmt"/>
        <line num="175" count="3167" type="cond" truecount="4" falsecount="0"/>
        <line num="176" count="1" type="stmt"/>
        <line num="177" count="1" type="cond" truecount="2" falsecount="0"/>
        <line num="178" count="3156" type="stmt"/>
        <line num="179" count="3167" type="cond" truecount="5" falsecount="0"/>
        <line num="180" count="3167" type="stmt"/>
        <line num="181" count="3167" type="stmt"/>
        <line num="182" count="3167" type="stmt"/>
        <line num="183" count="3167" type="cond" truecount="2" falsecount="0"/>
        <line num="184" count="1" type="stmt"/>
        <line num="185" count="3166" type="cond" truecount="1" falsecount="0"/>
        <line num="186" count="3155" type="cond" truecount="1" falsecount="0"/>
        <line num="187" count="3314" type="stmt"/>
        <line num="188" count="3155" type="stmt"/>
        <line num="189" count="3155" type="stmt"/>
        <line num="190" count="3167" type="stmt"/>
        <line num="191" count="26" type="stmt"/>
        <line num="192" count="26" type="stmt"/>
        <line num="193" count="26" type="stmt"/>
        <line num="194" count="26" type="stmt"/>
        <line num="195" count="26" type="stmt"/>
        <line num="196" count="26" type="stmt"/>
        <line num="197" count="26" type="stmt"/>
        <line num="198" count="26" type="stmt"/>
        <line num="199" count="26" type="stmt"/>
        <line num="200" count="26" type="stmt"/>
        <line num="201" count="26" type="stmt"/>
        <line num="202" count="26" type="stmt"/>
        <line num="203" count="26" type="stmt"/>
        <line num="204" count="26" type="stmt"/>
        <line num="205" count="26" type="stmt"/>
        <line num="206" count="26" type="stmt"/>
        <line num="207" count="26" type="cond" truecount="1" falsecount="0"/>
        <line num="208" count="3717" type="cond" truecount="1" falsecount="0"/>
        <line num="209" count="1079" type="stmt"/>
        <line num="210" count="1079" type="cond" truecount="1" falsecount="0"/>
        <line num="211" count="2638" type="stmt"/>
        <line num="212" count="3717" type="cond" truecount="1" falsecount="0"/>
        <line num="213" count="2594" type="cond" truecount="3" falsecount="0"/>
        <line num="214" count="1" type="stmt"/>
        <line num="215" count="2593" type="stmt"/>
        <line num="216" count="2593" type="stmt"/>
        <line num="217" count="2593" type="stmt"/>
        <line num="218" count="2593" type="stmt"/>
        <line num="219" count="2593" type="cond" truecount="0" falsecount="1"/>
        <line num="220" count="0" type="stmt"/>
        <line num="221" count="0" type="stmt"/>
        <line num="222" count="2593" type="stmt"/>
        <line num="223" count="2594" type="stmt"/>
        <line num="224" count="2594" type="cond" truecount="1" falsecount="0"/>
        <line num="225" count="44" type="stmt"/>
        <line num="226" count="44" type="stmt"/>
        <line num="227" count="44" type="stmt"/>
        <line num="228" count="44" type="stmt"/>
        <line num="229" count="26" type="stmt"/>
        <line num="230" count="26" type="stmt"/>
        <line num="231" count="26" type="stmt"/>
        <line num="232" count="26" type="stmt"/>
        <line num="233" count="26" type="stmt"/>
        <line num="234" count="26" type="cond" truecount="1" falsecount="0"/>
        <line num="235" count="12" type="stmt"/>
        <line num="236" count="26" type="stmt"/>
        <line num="237" count="26" type="stmt"/>
        <line num="238" count="26" type="cond" truecount="1" falsecount="0"/>
        <line num="239" count="12" type="stmt"/>
        <line num="240" count="26" type="stmt"/>
        <line num="241" count="26" type="stmt"/>
        <line num="242" count="26" type="stmt"/>
        <line num="243" count="26" type="stmt"/>
        <line num="244" count="26" type="cond" truecount="1" falsecount="0"/>
        <line num="245" count="24" type="cond" truecount="1" falsecount="0"/>
        <line num="246" count="14" type="cond" truecount="2" falsecount="0"/>
        <line num="247" count="24" type="cond" truecount="1" falsecount="0"/>
        <line num="248" count="10" type="cond" truecount="2" falsecount="0"/>
        <line num="249" count="10" type="stmt"/>
        <line num="250" count="24" type="stmt"/>
        <line num="251" count="26" type="stmt"/>
        <line num="252" count="26" type="stmt"/>
        <line num="253" count="26" type="stmt"/>
        <line num="254" count="26" type="stmt"/>
        <line num="255" count="26" type="stmt"/>
        <line num="256" count="26" type="stmt"/>
        <line num="257" count="26" type="stmt"/>
        <line num="258" count="26" type="cond" truecount="1" falsecount="0"/>
        <line num="259" count="114" type="cond" truecount="1" falsecount="0"/>
        <line num="260" count="1" type="stmt"/>
        <line num="261" count="1" type="stmt"/>
        <line num="262" count="114" type="stmt"/>
        <line num="263" count="26" type="stmt"/>
        <line num="264" count="26" type="stmt"/>
        <line num="265" count="26" type="stmt"/>
        <line num="266" count="26" type="stmt"/>
        <line num="267" count="26" type="stmt"/>
        <line num="268" count="26" type="stmt"/>
        <line num="269" count="26" type="stmt"/>
        <line num="270" count="26" type="stmt"/>
        <line num="271" count="26" type="stmt"/>
        <line num="272" count="26" type="stmt"/>
        <line num="273" count="26" type="stmt"/>
        <line num="274" count="26" type="stmt"/>
        <line num="275" count="26" type="stmt"/>
        <line num="276" count="26" type="stmt"/>
        <line num="277" count="26" type="stmt"/>
        <line num="278" count="26" type="stmt"/>
        <line num="279" count="26" type="stmt"/>
        <line num="280" count="26" type="stmt"/>
        <line num="281" count="26" type="stmt"/>
        <line num="282" count="26" type="stmt"/>
        <line num="283" count="26" type="stmt"/>
        <line num="284" count="26" type="stmt"/>
        <line num="285" count="26" type="stmt"/>
        <line num="286" count="26" type="stmt"/>
        <line num="287" count="26" type="stmt"/>
        <line num="288" count="26" type="stmt"/>
        <line num="289" count="26" type="stmt"/>
        <line num="290" count="26" type="cond" truecount="1" falsecount="0"/>
        <line num="291" count="114" type="stmt"/>
        <line num="292" count="114" type="stmt"/>
        <line num="293" count="26" type="stmt"/>
        <line num="294" count="26" type="stmt"/>
        <line num="295" count="26" type="stmt"/>
        <line num="296" count="26" type="stmt"/>
        <line num="297" count="26" type="stmt"/>
        <line num="298" count="26" type="stmt"/>
        <line num="299" count="26" type="stmt"/>
        <line num="300" count="26" type="cond" truecount="1" falsecount="0"/>
        <line num="301" count="18" type="stmt"/>
        <line num="302" count="26" type="stmt"/>
        <line num="303" count="26" type="stmt"/>
        <line num="304" count="26" type="stmt"/>
        <line num="305" count="26" type="stmt"/>
        <line num="306" count="26" type="stmt"/>
        <line num="307" count="26" type="stmt"/>
        <line num="308" count="26" type="stmt"/>
        <line num="309" count="26" type="stmt"/>
        <line num="310" count="26" type="stmt"/>
        <line num="311" count="26" type="stmt"/>
        <line num="312" count="26" type="stmt"/>
        <line num="313" count="26" type="stmt"/>
        <line num="314" count="26" type="stmt"/>
        <line num="315" count="26" type="stmt"/>
        <line num="316" count="26" type="stmt"/>
        <line num="317" count="26" type="stmt"/>
        <line num="318" count="26" type="cond" truecount="1" falsecount="0"/>
        <line num="319" count="9" type="stmt"/>
        <line num="320" count="9" type="stmt"/>
        <line num="321" count="26" type="stmt"/>
        <line num="322" count="26" type="stmt"/>
        <line num="323" count="26" type="stmt"/>
        <line num="324" count="1" type="stmt"/>
      </file>
    </package>
    <package name="date-master.lang">
      <metrics statements="267" coveredstatements="243" conditionals="98" coveredconditionals="73" methods="21" coveredmethods="21"/>
      <file name="be.js" path="/Users/asierbista/WebstormProjects/date-master/lang/be.js">
        <metrics statements="38" coveredstatements="35" conditionals="16" coveredconditionals="13" methods="3" coveredmethods="3"/>
        <line num="1" count="1" type="cond" truecount="1" falsecount="0"/>
        <line num="2" count="2" type="cond" truecount="0" falsecount="2"/>
        <line num="3" count="0" type="stmt"/>
        <line num="4" count="2" type="stmt"/>
        <line num="5" count="2" type="stmt"/>
        <line num="6" count="2" type="cond" truecount="0" falsecount="1"/>
        <line num="7" count="0" type="stmt"/>
        <line num="8" count="0" type="stmt"/>
        <line num="9" count="1" type="cond" truecount="1" falsecount="0"/>
        <line num="10" count="2" type="stmt"/>
        <line num="11" count="2" type="stmt"/>
        <line num="12" count="2" type="stmt"/>
        <line num="13" count="2" type="stmt"/>
        <line num="14" count="2" type="stmt"/>
        <line num="15" count="2" type="cond" truecount="1" falsecount="0"/>
        <line num="16" count="24" type="cond" truecount="2" falsecount="0"/>
        <line num="17" count="24" type="stmt"/>
        <line num="18" count="2" type="stmt"/>
        <line num="19" count="2" type="stmt"/>
        <line num="20" count="2" type="cond" truecount="1" falsecount="0"/>
        <line num="21" count="48" type="stmt"/>
        <line num="22" count="2" type="stmt"/>
        <line num="23" count="2" type="stmt"/>
        <line num="24" count="2" type="stmt"/>
        <line num="25" count="2" type="stmt"/>
        <line num="26" count="2" type="cond" truecount="1" falsecount="0"/>
        <line num="27" count="48" type="cond" truecount="1" falsecount="0"/>
        <line num="28" count="8" type="stmt"/>
        <line num="29" count="48" type="cond" truecount="2" falsecount="0"/>
        <line num="30" count="16" type="stmt"/>
        <line num="31" count="40" type="cond" truecount="2" falsecount="0"/>
        <line num="32" count="10" type="stmt"/>
        <line num="33" count="24" type="cond" truecount="1" falsecount="0"/>
        <line num="34" count="14" type="stmt"/>
        <line num="35" count="14" type="stmt"/>
        <line num="36" count="48" type="stmt"/>
        <line num="37" count="2" type="stmt"/>
        <line num="38" count="1" type="stmt"/>
      </file>
      <file name="cs.js" path="/Users/asierbista/WebstormProjects/date-master/lang/cs.js">
        <metrics statements="38" coveredstatements="35" conditionals="13" coveredconditionals="10" methods="3" coveredmethods="3"/>
        <line num="1" count="1" type="cond" truecount="1" falsecount="0"/>
        <line num="2" count="1" type="cond" truecount="0" falsecount="2"/>
        <line num="3" count="0" type="stmt"/>
        <line num="4" count="1" type="stmt"/>
        <line num="5" count="1" type="stmt"/>
        <line num="6" count="1" type="cond" truecount="0" falsecount="1"/>
        <line num="7" count="0" type="stmt"/>
        <line num="8" count="0" type="stmt"/>
        <line num="9" count="1" type="cond" truecount="1" falsecount="0"/>
        <line num="10" count="1" type="stmt"/>
        <line num="11" count="1" type="stmt"/>
        <line num="12" count="1" type="stmt"/>
        <line num="13" count="1" type="stmt"/>
        <line num="14" count="1" type="stmt"/>
        <line num="15" count="1" type="cond" truecount="1" falsecount="0"/>
        <line num="16" count="24" type="cond" truecount="2" falsecount="0"/>
        <line num="17" count="24" type="stmt"/>
        <line num="18" count="1" type="stmt"/>
        <line num="19" count="1" type="stmt"/>
        <line num="20" count="1" type="stmt"/>
        <line num="21" count="1" type="stmt"/>
        <line num="22" count="1" type="stmt"/>
        <line num="23" count="1" type="cond" truecount="1" falsecount="0"/>
        <line num="24" count="48" type="cond" truecount="2" falsecount="0"/>
        <line num="25" count="48" type="stmt"/>
        <line num="26" count="1" type="stmt"/>
        <line num="27" count="1" type="stmt"/>
        <line num="28" count="1" type="stmt"/>
        <line num="29" count="1" type="stmt"/>
        <line num="30" count="1" type="cond" truecount="1" falsecount="0"/>
        <line num="31" count="48" type="cond" truecount="1" falsecount="0"/>
        <line num="32" count="24" type="stmt"/>
        <line num="33" count="24" type="stmt"/>
        <line num="34" count="24" type="stmt"/>
        <line num="35" count="24" type="stmt"/>
        <line num="36" count="48" type="stmt"/>
        <line num="37" count="1" type="stmt"/>
        <line num="38" count="1" type="stmt"/>
      </file>
      <file name="kk.js" path="/Users/asierbista/WebstormProjects/date-master/lang/kk.js">
        <metrics statements="27" coveredstatements="24" conditionals="8" coveredconditionals="4" methods="2" coveredmethods="2"/>
        <line num="1" count="1" type="cond" truecount="1" falsecount="0"/>
        <line num="2" count="1" type="cond" truecount="0" falsecount="2"/>
        <line num="3" count="0" type="stmt"/>
        <line num="4" count="1" type="stmt"/>
        <line num="5" count="1" type="stmt"/>
        <line num="6" count="1" type="cond" truecount="0" falsecount="1"/>
        <line num="7" count="0" type="stmt"/>
        <line num="8" count="0" type="stmt"/>
        <line num="9" count="1" type="cond" truecount="1" falsecount="0"/>
        <line num="10" count="1" type="stmt"/>
        <line num="11" count="1" type="stmt"/>
        <line num="12" count="1" type="stmt"/>
        <line num="13" count="1" type="stmt"/>
        <line num="14" count="1" type="stmt"/>
        <line num="15" count="1" type="cond" truecount="1" falsecount="0"/>
        <line num="16" count="24" type="cond" truecount="0" falsecount="1"/>
        <line num="17" count="24" type="stmt"/>
        <line num="18" count="1" type="stmt"/>
        <line num="19" count="1" type="stmt"/>
        <line num="20" count="1" type="cond" truecount="1" falsecount="0"/>
        <line num="21" count="24" type="stmt"/>
        <line num="22" count="1" type="stmt"/>
        <line num="23" count="1" type="stmt"/>
        <line num="24" count="1" type="stmt"/>
        <line num="25" count="1" type="stmt"/>
        <line num="26" count="1" type="stmt"/>
        <line num="27" count="1" type="stmt"/>
      </file>
      <file name="pl.js" path="/Users/asierbista/WebstormProjects/date-master/lang/pl.js">
        <metrics statements="38" coveredstatements="35" conditionals="13" coveredconditionals="10" methods="3" coveredmethods="3"/>
        <line num="1" count="1" type="cond" truecount="1" falsecount="0"/>
        <line num="2" count="1" type="cond" truecount="0" falsecount="2"/>
        <line num="3" count="0" type="stmt"/>
        <line num="4" count="1" type="stmt"/>
        <line num="5" count="1" type="stmt"/>
        <line num="6" count="1" type="cond" truecount="0" falsecount="1"/>
        <line num="7" count="0" type="stmt"/>
        <line num="8" count="0" type="stmt"/>
        <line num="9" count="1" type="cond" truecount="1" falsecount="0"/>
        <line num="10" count="1" type="stmt"/>
        <line num="11" count="1" type="stmt"/>
        <line num="12" count="1" type="stmt"/>
        <line num="13" count="1" type="stmt"/>
        <line num="14" count="1" type="stmt"/>
        <line num="15" count="1" type="cond" truecount="1" falsecount="0"/>
        <line num="16" count="24" type="cond" truecount="2" falsecount="0"/>
        <line num="17" count="24" type="stmt"/>
        <line num="18" count="1" type="stmt"/>
        <line num="19" count="1" type="stmt"/>
        <line num="20" count="1" type="stmt"/>
        <line num="21" count="1" type="stmt"/>
        <line num="22" count="1" type="stmt"/>
        <line num="23" count="1" type="cond" truecount="1" falsecount="0"/>
        <line num="24" count="48" type="cond" truecount="2" falsecount="0"/>
        <line num="25" count="48" type="stmt"/>
        <line num="26" count="1" type="stmt"/>
        <line num="27" count="1" type="stmt"/>
        <line num="28" count="1" type="stmt"/>
        <line num="29" count="1" type="stmt"/>
        <line num="30" count="1" type="cond" truecount="1" falsecount="0"/>
        <line num="31" count="48" type="cond" truecount="1" falsecount="0"/>
        <line num="32" count="24" type="stmt"/>
        <line num="33" count="24" type="stmt"/>
        <line num="34" count="24" type="stmt"/>
        <line num="35" count="24" type="stmt"/>
        <line num="36" count="48" type="stmt"/>
        <line num="37" count="1" type="stmt"/>
        <line num="38" count="1" type="stmt"/>
      </file>
      <file name="ru.js" path="/Users/asierbista/WebstormProjects/date-master/lang/ru.js">
        <metrics statements="42" coveredstatements="39" conditionals="18" coveredconditionals="15" methods="3" coveredmethods="3"/>
        <line num="1" count="1" type="cond" truecount="1" falsecount="0"/>
        <line num="2" count="1" type="cond" truecount="0" falsecount="2"/>
        <line num="3" count="0" type="stmt"/>
        <line num="4" count="1" type="stmt"/>
        <line num="5" count="1" type="stmt"/>
        <line num="6" count="1" type="cond" truecount="0" falsecount="1"/>
        <line num="7" count="0" type="stmt"/>
        <line num="8" count="0" type="stmt"/>
        <line num="9" count="1" type="cond" truecount="1" falsecount="0"/>
        <line num="10" count="1" type="stmt"/>
        <line num="11" count="1" type="stmt"/>
        <line num="12" count="1" type="stmt"/>
        <line num="13" count="1" type="stmt"/>
        <line num="14" count="1" type="stmt"/>
        <line num="15" count="1" type="cond" truecount="1" falsecount="0"/>
        <line num="16" count="24" type="cond" truecount="2" falsecount="0"/>
        <line num="17" count="24" type="stmt"/>
        <line num="18" count="1" type="stmt"/>
        <line num="19" count="1" type="stmt"/>
        <line num="20" count="1" type="stmt"/>
        <line num="21" count="1" type="stmt"/>
        <line num="22" count="1" type="stmt"/>
        <line num="23" count="1" type="cond" truecount="1" falsecount="0"/>
        <line num="24" count="24" type="cond" truecount="2" falsecount="0"/>
        <line num="25" count="24" type="stmt"/>
        <line num="26" count="1" type="stmt"/>
        <line num="27" count="1" type="stmt"/>
        <line num="28" count="1" type="stmt"/>
        <line num="29" count="1" type="stmt"/>
        <line num="30" count="1" type="cond" truecount="1" falsecount="0"/>
        <line num="31" count="48" type="cond" truecount="1" falsecount="0"/>
        <line num="32" count="8" type="stmt"/>
        <line num="33" count="48" type="cond" truecount="2" falsecount="0"/>
        <line num="34" count="16" type="stmt"/>
        <line num="35" count="40" type="cond" truecount="2" falsecount="0"/>
        <line num="36" count="10" type="stmt"/>
        <line num="37" count="24" type="cond" truecount="1" falsecount="0"/>
        <line num="38" count="14" type="stmt"/>
        <line num="39" count="14" type="stmt"/>
        <line num="40" count="48" type="stmt"/>
        <line num="41" count="1" type="stmt"/>
        <line num="42" count="1" type="stmt"/>
      </file>
      <file name="tr.js" path="/Users/asierbista/WebstormProjects/date-master/lang/tr.js">
        <metrics statements="23" coveredstatements="20" conditionals="7" coveredconditionals="4" methods="2" coveredmethods="2"/>
        <line num="1" count="1" type="cond" truecount="1" falsecount="0"/>
        <line num="2" count="1" type="cond" truecount="0" falsecount="2"/>
        <line num="3" count="0" type="stmt"/>
        <line num="4" count="1" type="stmt"/>
        <line num="5" count="1" type="stmt"/>
        <line num="6" count="1" type="cond" truecount="0" falsecount="1"/>
        <line num="7" count="0" type="stmt"/>
        <line num="8" count="0" type="stmt"/>
        <line num="9" count="1" type="cond" truecount="1" falsecount="0"/>
        <line num="10" count="1" type="stmt"/>
        <line num="11" count="1" type="stmt"/>
        <line num="12" count="1" type="cond" truecount="1" falsecount="0"/>
        <line num="13" count="24" type="stmt"/>
        <line num="14" count="1" type="stmt"/>
        <line num="15" count="1" type="stmt"/>
        <line num="16" count="1" type="cond" truecount="1" falsecount="0"/>
        <line num="17" count="24" type="stmt"/>
        <line num="18" count="1" type="stmt"/>
        <line num="19" count="1" type="stmt"/>
        <line num="20" count="1" type="stmt"/>
        <line num="21" count="1" type="stmt"/>
        <line num="22" count="1" type="stmt"/>
        <line num="23" count="1" type="stmt"/>
      </file>
      <file name="tt.js" path="/Users/asierbista/WebstormProjects/date-master/lang/tt.js">
        <metrics statements="23" coveredstatements="20" conditionals="7" coveredconditionals="4" methods="2" coveredmethods="2"/>
        <line num="1" count="1" type="cond" truecount="1" falsecount="0"/>
        <line num="2" count="1" type="cond" truecount="0" falsecount="2"/>
        <line num="3" count="0" type="stmt"/>
        <line num="4" count="1" type="stmt"/>
        <line num="5" count="1" type="stmt"/>
        <line num="6" count="1" type="cond" truecount="0" falsecount="1"/>
        <line num="7" count="0" type="stmt"/>
        <line num="8" count="0" type="stmt"/>
        <line num="9" count="1" type="cond" truecount="1" falsecount="0"/>
        <line num="10" count="1" type="stmt"/>
        <line num="11" count="1" type="stmt"/>
        <line num="12" count="1" type="cond" truecount="1" falsecount="0"/>
        <line num="13" count="24" type="stmt"/>
        <line num="14" count="1" type="stmt"/>
        <line num="15" count="1" type="stmt"/>
        <line num="16" count="1" type="cond" truecount="1" falsecount="0"/>
        <line num="17" count="24" type="stmt"/>
        <line num="18" count="1" type="stmt"/>
        <line num="19" count="1" type="stmt"/>
        <line num="20" count="1" type="stmt"/>
        <line num="21" count="1" type="stmt"/>
        <line num="22" count="1" type="stmt"/>
        <line num="23" count="1" type="stmt"/>
      </file>
      <file name="uk.js" path="/Users/asierbista/WebstormProjects/date-master/lang/uk.js">
        <metrics statements="38" coveredstatements="35" conditionals="16" coveredconditionals="13" methods="3" coveredmethods="3"/>
        <line num="1" count="1" type="cond" truecount="1" falsecount="0"/>
        <line num="2" count="1" type="cond" truecount="0" falsecount="2"/>
        <line num="3" count="0" type="stmt"/>
        <line num="4" count="1" type="stmt"/>
        <line num="5" count="1" type="stmt"/>
        <line num="6" count="1" type="cond" truecount="0" falsecount="1"/>
        <line num="7" count="0" type="stmt"/>
        <line num="8" count="0" type="stmt"/>
        <line num="9" count="1" type="cond" truecount="1" falsecount="0"/>
        <line num="10" count="1" type="stmt"/>
        <line num="11" count="1" type="stmt"/>
        <line num="12" count="1" type="stmt"/>
        <line num="13" count="1" type="stmt"/>
        <line num="14" count="1" type="stmt"/>
        <line num="15" count="1" type="cond" truecount="1" falsecount="0"/>
        <line num="16" count="24" type="cond" truecount="2" falsecount="0"/>
        <line num="17" count="24" type="stmt"/>
        <line num="18" count="1" type="stmt"/>
        <line num="19" count="1" type="stmt"/>
        <line num="20" count="1" type="cond" truecount="1" falsecount="0"/>
        <line num="21" count="24" type="stmt"/>
        <line num="22" count="1" type="stmt"/>
        <line num="23" count="1" type="stmt"/>
        <line num="24" count="1" type="stmt"/>
        <line num="25" count="1" type="stmt"/>
        <line num="26" count="1" type="cond" truecount="1" falsecount="0"/>
        <line num="27" count="48" type="cond" truecount="1" falsecount="0"/>
        <line num="28" count="8" type="stmt"/>
        <line num="29" count="48" type="cond" truecount="2" falsecount="0"/>
        <line num="30" count="16" type="stmt"/>
        <line num="31" count="40" type="cond" truecount="2" falsecount="0"/>
        <line num="32" count="10" type="stmt"/>
        <line num="33" count="24" type="cond" truecount="1" falsecount="0"/>
        <line num="34" count="14" type="stmt"/>
        <line num="35" count="14" type="stmt"/>
        <line num="36" count="48" type="stmt"/>
        <line num="37" count="1" type="stmt"/>
        <line num="38" count="1" type="stmt"/>
      </file>
    </package>
  </project>
</coverage>
