{"/Users/asierbista/WebstormProjects/date-master/unitTestingTask.js": {"path":"/Users/asierbista/WebstormProjects/date-master/unitTestingTask.js","all":false,"statementMap":{"0":{"start":{"line":1,"column":0},"end":{"line":1,"column":27}},"1":{"start":{"line":2,"column":0},"end":{"line":2,"column":53}},"2":{"start":{"line":3,"column":0},"end":{"line":3,"column":32}},"3":{"start":{"line":4,"column":0},"end":{"line":4,"column":33}},"4":{"start":{"line":5,"column":0},"end":{"line":5,"column":11}},"5":{"start":{"line":6,"column":0},"end":{"line":6,"column":45}},"6":{"start":{"line":7,"column":0},"end":{"line":7,"column":39}},"7":{"start":{"line":8,"column":0},"end":{"line":8,"column":12}},"8":{"start":{"line":9,"column":0},"end":{"line":9,"column":45}},"9":{"start":{"line":10,"column":0},"end":{"line":10,"column":5}},"10":{"start":{"line":11,"column":0},"end":{"line":11,"column":25}},"11":{"start":{"line":12,"column":0},"end":{"line":12,"column":17}},"12":{"start":{"line":13,"column":0},"end":{"line":13,"column":0}},"13":{"start":{"line":14,"column":0},"end":{"line":14,"column":7}},"14":{"start":{"line":15,"column":0},"end":{"line":15,"column":64}},"15":{"start":{"line":16,"column":0},"end":{"line":16,"column":46}},"16":{"start":{"line":17,"column":0},"end":{"line":17,"column":6}},"17":{"start":{"line":18,"column":0},"end":{"line":18,"column":28}},"18":{"start":{"line":19,"column":0},"end":{"line":19,"column":33}},"19":{"start":{"line":20,"column":0},"end":{"line":20,"column":6}},"20":{"start":{"line":21,"column":0},"end":{"line":21,"column":23}},"21":{"start":{"line":22,"column":0},"end":{"line":22,"column":7}},"22":{"start":{"line":23,"column":0},"end":{"line":23,"column":43}},"23":{"start":{"line":24,"column":0},"end":{"line":24,"column":35}},"24":{"start":{"line":25,"column":0},"end":{"line":25,"column":59}},"25":{"start":{"line":26,"column":0},"end":{"line":26,"column":0}},"26":{"start":{"line":27,"column":0},"end":{"line":27,"column":36}},"27":{"start":{"line":28,"column":0},"end":{"line":28,"column":23}},"28":{"start":{"line":29,"column":0},"end":{"line":29,"column":9}},"29":{"start":{"line":30,"column":0},"end":{"line":30,"column":0}},"30":{"start":{"line":31,"column":0},"end":{"line":31,"column":70}},"31":{"start":{"line":32,"column":0},"end":{"line":32,"column":58}},"32":{"start":{"line":33,"column":0},"end":{"line":33,"column":0}},"33":{"start":{"line":34,"column":0},"end":{"line":34,"column":19}},"34":{"start":{"line":35,"column":0},"end":{"line":35,"column":5}},"35":{"start":{"line":36,"column":0},"end":{"line":36,"column":0}},"36":{"start":{"line":37,"column":0},"end":{"line":37,"column":72}},"37":{"start":{"line":38,"column":0},"end":{"line":38,"column":0}},"38":{"start":{"line":39,"column":0},"end":{"line":39,"column":18}},"39":{"start":{"line":40,"column":0},"end":{"line":40,"column":31}},"40":{"start":{"line":41,"column":0},"end":{"line":41,"column":38}},"41":{"start":{"line":42,"column":0},"end":{"line":42,"column":10}},"42":{"start":{"line":43,"column":0},"end":{"line":43,"column":29}},"43":{"start":{"line":44,"column":0},"end":{"line":44,"column":59}},"44":{"start":{"line":45,"column":0},"end":{"line":45,"column":10}},"45":{"start":{"line":46,"column":0},"end":{"line":46,"column":39}},"46":{"start":{"line":47,"column":0},"end":{"line":47,"column":74}},"47":{"start":{"line":48,"column":0},"end":{"line":48,"column":10}},"48":{"start":{"line":49,"column":0},"end":{"line":49,"column":38}},"49":{"start":{"line":50,"column":0},"end":{"line":50,"column":79}},"50":{"start":{"line":51,"column":0},"end":{"line":51,"column":10}},"51":{"start":{"line":52,"column":0},"end":{"line":52,"column":29}},"52":{"start":{"line":53,"column":0},"end":{"line":53,"column":54}},"53":{"start":{"line":54,"column":0},"end":{"line":54,"column":10}},"54":{"start":{"line":55,"column":0},"end":{"line":55,"column":28}},"55":{"start":{"line":56,"column":0},"end":{"line":56,"column":39}},"56":{"start":{"line":57,"column":0},"end":{"line":57,"column":10}},"57":{"start":{"line":58,"column":0},"end":{"line":58,"column":30}},"58":{"start":{"line":59,"column":0},"end":{"line":59,"column":77}},"59":{"start":{"line":60,"column":0},"end":{"line":60,"column":10}},"60":{"start":{"line":61,"column":0},"end":{"line":61,"column":29}},"61":{"start":{"line":62,"column":0},"end":{"line":62,"column":82}},"62":{"start":{"line":63,"column":0},"end":{"line":63,"column":10}},"63":{"start":{"line":64,"column":0},"end":{"line":64,"column":28}},"64":{"start":{"line":65,"column":0},"end":{"line":65,"column":80}},"65":{"start":{"line":66,"column":0},"end":{"line":66,"column":10}},"66":{"start":{"line":67,"column":0},"end":{"line":67,"column":29}},"67":{"start":{"line":68,"column":0},"end":{"line":68,"column":49}},"68":{"start":{"line":69,"column":0},"end":{"line":69,"column":10}},"69":{"start":{"line":70,"column":0},"end":{"line":70,"column":28}},"70":{"start":{"line":71,"column":0},"end":{"line":71,"column":34}},"71":{"start":{"line":72,"column":0},"end":{"line":72,"column":10}},"72":{"start":{"line":73,"column":0},"end":{"line":73,"column":29}},"73":{"start":{"line":74,"column":0},"end":{"line":74,"column":50}},"74":{"start":{"line":75,"column":0},"end":{"line":75,"column":10}},"75":{"start":{"line":76,"column":0},"end":{"line":76,"column":28}},"76":{"start":{"line":77,"column":0},"end":{"line":77,"column":35}},"77":{"start":{"line":78,"column":0},"end":{"line":78,"column":10}},"78":{"start":{"line":79,"column":0},"end":{"line":79,"column":29}},"79":{"start":{"line":80,"column":0},"end":{"line":80,"column":61}},"80":{"start":{"line":81,"column":0},"end":{"line":81,"column":10}},"81":{"start":{"line":82,"column":0},"end":{"line":82,"column":28}},"82":{"start":{"line":83,"column":0},"end":{"line":83,"column":46}},"83":{"start":{"line":84,"column":0},"end":{"line":84,"column":10}},"84":{"start":{"line":85,"column":0},"end":{"line":85,"column":29}},"85":{"start":{"line":86,"column":0},"end":{"line":86,"column":52}},"86":{"start":{"line":87,"column":0},"end":{"line":87,"column":10}},"87":{"start":{"line":88,"column":0},"end":{"line":88,"column":28}},"88":{"start":{"line":89,"column":0},"end":{"line":89,"column":37}},"89":{"start":{"line":90,"column":0},"end":{"line":90,"column":10}},"90":{"start":{"line":91,"column":0},"end":{"line":91,"column":29}},"91":{"start":{"line":92,"column":0},"end":{"line":92,"column":52}},"92":{"start":{"line":93,"column":0},"end":{"line":93,"column":10}},"93":{"start":{"line":94,"column":0},"end":{"line":94,"column":28}},"94":{"start":{"line":95,"column":0},"end":{"line":95,"column":37}},"95":{"start":{"line":96,"column":0},"end":{"line":96,"column":10}},"96":{"start":{"line":97,"column":0},"end":{"line":97,"column":29}},"97":{"start":{"line":98,"column":0},"end":{"line":98,"column":60}},"98":{"start":{"line":99,"column":0},"end":{"line":99,"column":10}},"99":{"start":{"line":100,"column":0},"end":{"line":100,"column":28}},"100":{"start":{"line":101,"column":0},"end":{"line":101,"column":42}},"101":{"start":{"line":102,"column":0},"end":{"line":102,"column":10}},"102":{"start":{"line":103,"column":0},"end":{"line":103,"column":28}},"103":{"start":{"line":104,"column":0},"end":{"line":104,"column":86}},"104":{"start":{"line":105,"column":0},"end":{"line":105,"column":10}},"105":{"start":{"line":106,"column":0},"end":{"line":106,"column":28}},"106":{"start":{"line":107,"column":0},"end":{"line":107,"column":85}},"107":{"start":{"line":108,"column":0},"end":{"line":108,"column":10}},"108":{"start":{"line":109,"column":0},"end":{"line":109,"column":48}},"109":{"start":{"line":110,"column":0},"end":{"line":110,"column":46}},"110":{"start":{"line":111,"column":0},"end":{"line":111,"column":54}},"111":{"start":{"line":112,"column":0},"end":{"line":112,"column":31}},"112":{"start":{"line":113,"column":0},"end":{"line":113,"column":42}},"113":{"start":{"line":114,"column":0},"end":{"line":114,"column":0}},"114":{"start":{"line":115,"column":0},"end":{"line":115,"column":40}},"115":{"start":{"line":116,"column":0},"end":{"line":116,"column":0}},"116":{"start":{"line":117,"column":0},"end":{"line":117,"column":86}},"117":{"start":{"line":118,"column":0},"end":{"line":118,"column":10}},"118":{"start":{"line":119,"column":0},"end":{"line":119,"column":28}},"119":{"start":{"line":120,"column":0},"end":{"line":120,"column":46}},"120":{"start":{"line":121,"column":0},"end":{"line":121,"column":9}},"121":{"start":{"line":122,"column":0},"end":{"line":122,"column":6}},"122":{"start":{"line":123,"column":0},"end":{"line":123,"column":0}},"123":{"start":{"line":124,"column":0},"end":{"line":124,"column":29}},"124":{"start":{"line":125,"column":0},"end":{"line":125,"column":35}},"125":{"start":{"line":126,"column":0},"end":{"line":126,"column":47}},"126":{"start":{"line":127,"column":0},"end":{"line":127,"column":44}},"127":{"start":{"line":128,"column":0},"end":{"line":128,"column":9}},"128":{"start":{"line":129,"column":0},"end":{"line":129,"column":5}},"129":{"start":{"line":130,"column":0},"end":{"line":130,"column":61}},"130":{"start":{"line":131,"column":0},"end":{"line":131,"column":0}},"131":{"start":{"line":132,"column":0},"end":{"line":132,"column":7}},"132":{"start":{"line":133,"column":0},"end":{"line":133,"column":49}},"133":{"start":{"line":134,"column":0},"end":{"line":134,"column":87}},"134":{"start":{"line":135,"column":0},"end":{"line":135,"column":61}},"135":{"start":{"line":136,"column":0},"end":{"line":136,"column":31}},"136":{"start":{"line":137,"column":0},"end":{"line":137,"column":32}},"137":{"start":{"line":138,"column":0},"end":{"line":138,"column":38}},"138":{"start":{"line":139,"column":0},"end":{"line":139,"column":38}},"139":{"start":{"line":140,"column":0},"end":{"line":140,"column":38}},"140":{"start":{"line":141,"column":0},"end":{"line":141,"column":110}},"141":{"start":{"line":142,"column":0},"end":{"line":142,"column":92}},"142":{"start":{"line":143,"column":0},"end":{"line":143,"column":35}},"143":{"start":{"line":144,"column":0},"end":{"line":144,"column":35}},"144":{"start":{"line":145,"column":0},"end":{"line":145,"column":32}},"145":{"start":{"line":146,"column":0},"end":{"line":146,"column":52}},"146":{"start":{"line":147,"column":0},"end":{"line":147,"column":39}},"147":{"start":{"line":148,"column":0},"end":{"line":148,"column":50}},"148":{"start":{"line":149,"column":0},"end":{"line":149,"column":37}},"149":{"start":{"line":150,"column":0},"end":{"line":150,"column":50}},"150":{"start":{"line":151,"column":0},"end":{"line":151,"column":37}},"151":{"start":{"line":152,"column":0},"end":{"line":152,"column":37}},"152":{"start":{"line":153,"column":0},"end":{"line":153,"column":24}},"153":{"start":{"line":154,"column":0},"end":{"line":154,"column":37}},"154":{"start":{"line":155,"column":0},"end":{"line":155,"column":24}},"155":{"start":{"line":156,"column":0},"end":{"line":156,"column":42}},"156":{"start":{"line":157,"column":0},"end":{"line":157,"column":29}},"157":{"start":{"line":158,"column":0},"end":{"line":158,"column":22}},"158":{"start":{"line":159,"column":0},"end":{"line":159,"column":22}},"159":{"start":{"line":160,"column":0},"end":{"line":160,"column":77}},"160":{"start":{"line":161,"column":0},"end":{"line":161,"column":80}},"161":{"start":{"line":162,"column":0},"end":{"line":162,"column":6}},"162":{"start":{"line":163,"column":0},"end":{"line":163,"column":104}},"163":{"start":{"line":164,"column":0},"end":{"line":164,"column":6}},"164":{"start":{"line":165,"column":0},"end":{"line":165,"column":29}},"165":{"start":{"line":166,"column":0},"end":{"line":166,"column":52}},"166":{"start":{"line":167,"column":0},"end":{"line":167,"column":6}},"167":{"start":{"line":168,"column":0},"end":{"line":168,"column":23}},"168":{"start":{"line":169,"column":0},"end":{"line":169,"column":7}},"169":{"start":{"line":170,"column":0},"end":{"line":170,"column":45}},"170":{"start":{"line":171,"column":0},"end":{"line":171,"column":52}},"171":{"start":{"line":172,"column":0},"end":{"line":172,"column":70}},"172":{"start":{"line":173,"column":0},"end":{"line":173,"column":9}},"173":{"start":{"line":174,"column":0},"end":{"line":174,"column":0}},"174":{"start":{"line":175,"column":0},"end":{"line":175,"column":116}},"175":{"start":{"line":176,"column":0},"end":{"line":176,"column":112}},"176":{"start":{"line":177,"column":0},"end":{"line":177,"column":9}},"177":{"start":{"line":178,"column":0},"end":{"line":178,"column":0}},"178":{"start":{"line":179,"column":0},"end":{"line":179,"column":110}},"179":{"start":{"line":180,"column":0},"end":{"line":180,"column":0}},"180":{"start":{"line":181,"column":0},"end":{"line":181,"column":35}},"181":{"start":{"line":182,"column":0},"end":{"line":182,"column":0}},"182":{"start":{"line":183,"column":0},"end":{"line":183,"column":50}},"183":{"start":{"line":184,"column":0},"end":{"line":184,"column":59}},"184":{"start":{"line":185,"column":0},"end":{"line":185,"column":16}},"185":{"start":{"line":186,"column":0},"end":{"line":186,"column":60}},"186":{"start":{"line":187,"column":0},"end":{"line":187,"column":49}},"187":{"start":{"line":188,"column":0},"end":{"line":188,"column":15}},"188":{"start":{"line":189,"column":0},"end":{"line":189,"column":9}},"189":{"start":{"line":190,"column":0},"end":{"line":190,"column":5}},"190":{"start":{"line":191,"column":0},"end":{"line":191,"column":0}},"191":{"start":{"line":192,"column":0},"end":{"line":192,"column":7}},"192":{"start":{"line":193,"column":0},"end":{"line":193,"column":36}},"193":{"start":{"line":194,"column":0},"end":{"line":194,"column":6}},"194":{"start":{"line":195,"column":0},"end":{"line":195,"column":21}},"195":{"start":{"line":196,"column":0},"end":{"line":196,"column":7}},"196":{"start":{"line":197,"column":0},"end":{"line":197,"column":52}},"197":{"start":{"line":198,"column":0},"end":{"line":198,"column":0}},"198":{"start":{"line":199,"column":0},"end":{"line":199,"column":7}},"199":{"start":{"line":200,"column":0},"end":{"line":200,"column":29}},"200":{"start":{"line":201,"column":0},"end":{"line":201,"column":6}},"201":{"start":{"line":202,"column":0},"end":{"line":202,"column":51}},"202":{"start":{"line":203,"column":0},"end":{"line":203,"column":52}},"203":{"start":{"line":204,"column":0},"end":{"line":204,"column":6}},"204":{"start":{"line":205,"column":0},"end":{"line":205,"column":53}},"205":{"start":{"line":206,"column":0},"end":{"line":206,"column":7}},"206":{"start":{"line":207,"column":0},"end":{"line":207,"column":64}},"207":{"start":{"line":208,"column":0},"end":{"line":208,"column":20}},"208":{"start":{"line":209,"column":0},"end":{"line":209,"column":37}},"209":{"start":{"line":210,"column":0},"end":{"line":210,"column":9}},"210":{"start":{"line":211,"column":0},"end":{"line":211,"column":0}},"211":{"start":{"line":212,"column":0},"end":{"line":212,"column":23}},"212":{"start":{"line":213,"column":0},"end":{"line":213,"column":64}},"213":{"start":{"line":214,"column":0},"end":{"line":214,"column":41}},"214":{"start":{"line":215,"column":0},"end":{"line":215,"column":35}},"215":{"start":{"line":216,"column":0},"end":{"line":216,"column":21}},"216":{"start":{"line":217,"column":0},"end":{"line":217,"column":46}},"217":{"start":{"line":218,"column":0},"end":{"line":218,"column":45}},"218":{"start":{"line":219,"column":0},"end":{"line":219,"column":29}},"219":{"start":{"line":220,"column":0},"end":{"line":220,"column":45}},"220":{"start":{"line":221,"column":0},"end":{"line":221,"column":17}},"221":{"start":{"line":222,"column":0},"end":{"line":222,"column":13}},"222":{"start":{"line":223,"column":0},"end":{"line":223,"column":37}},"223":{"start":{"line":224,"column":0},"end":{"line":224,"column":9}},"224":{"start":{"line":225,"column":0},"end":{"line":225,"column":0}},"225":{"start":{"line":226,"column":0},"end":{"line":226,"column":34}},"226":{"start":{"line":227,"column":0},"end":{"line":227,"column":33}},"227":{"start":{"line":228,"column":0},"end":{"line":228,"column":33}},"228":{"start":{"line":229,"column":0},"end":{"line":229,"column":6}},"229":{"start":{"line":230,"column":0},"end":{"line":230,"column":0}},"230":{"start":{"line":231,"column":0},"end":{"line":231,"column":36}},"231":{"start":{"line":232,"column":0},"end":{"line":232,"column":16}},"232":{"start":{"line":233,"column":0},"end":{"line":233,"column":116}},"233":{"start":{"line":234,"column":0},"end":{"line":234,"column":33}},"234":{"start":{"line":235,"column":0},"end":{"line":235,"column":49}},"235":{"start":{"line":236,"column":0},"end":{"line":236,"column":10}},"236":{"start":{"line":237,"column":0},"end":{"line":237,"column":83}},"237":{"start":{"line":238,"column":0},"end":{"line":238,"column":38}},"238":{"start":{"line":239,"column":0},"end":{"line":239,"column":54}},"239":{"start":{"line":240,"column":0},"end":{"line":240,"column":10}},"240":{"start":{"line":241,"column":0},"end":{"line":241,"column":88}},"241":{"start":{"line":242,"column":0},"end":{"line":242,"column":64}},"242":{"start":{"line":243,"column":0},"end":{"line":243,"column":55}},"243":{"start":{"line":244,"column":0},"end":{"line":244,"column":46}},"244":{"start":{"line":245,"column":0},"end":{"line":245,"column":29}},"245":{"start":{"line":246,"column":0},"end":{"line":246,"column":45}},"246":{"start":{"line":247,"column":0},"end":{"line":247,"column":20}},"247":{"start":{"line":248,"column":0},"end":{"line":248,"column":45}},"248":{"start":{"line":249,"column":0},"end":{"line":249,"column":13}},"249":{"start":{"line":250,"column":0},"end":{"line":250,"column":9}},"250":{"start":{"line":251,"column":0},"end":{"line":251,"column":7}},"251":{"start":{"line":252,"column":0},"end":{"line":252,"column":0}},"252":{"start":{"line":253,"column":0},"end":{"line":253,"column":7}},"253":{"start":{"line":254,"column":0},"end":{"line":254,"column":78}},"254":{"start":{"line":255,"column":0},"end":{"line":255,"column":6}},"255":{"start":{"line":256,"column":0},"end":{"line":256,"column":79}},"256":{"start":{"line":257,"column":0},"end":{"line":257,"column":7}},"257":{"start":{"line":258,"column":0},"end":{"line":258,"column":45}},"258":{"start":{"line":259,"column":0},"end":{"line":259,"column":32}},"259":{"start":{"line":260,"column":0},"end":{"line":260,"column":82}},"260":{"start":{"line":261,"column":0},"end":{"line":261,"column":44}},"261":{"start":{"line":262,"column":0},"end":{"line":262,"column":10}},"262":{"start":{"line":263,"column":0},"end":{"line":263,"column":6}},"263":{"start":{"line":264,"column":0},"end":{"line":264,"column":0}},"264":{"start":{"line":265,"column":0},"end":{"line":265,"column":7}},"265":{"start":{"line":266,"column":0},"end":{"line":266,"column":37}},"266":{"start":{"line":267,"column":0},"end":{"line":267,"column":6}},"267":{"start":{"line":268,"column":0},"end":{"line":268,"column":21}},"268":{"start":{"line":269,"column":0},"end":{"line":269,"column":7}},"269":{"start":{"line":270,"column":0},"end":{"line":270,"column":54}},"270":{"start":{"line":271,"column":0},"end":{"line":271,"column":0}},"271":{"start":{"line":272,"column":0},"end":{"line":272,"column":7}},"272":{"start":{"line":273,"column":0},"end":{"line":273,"column":88}},"273":{"start":{"line":274,"column":0},"end":{"line":274,"column":50}},"274":{"start":{"line":275,"column":0},"end":{"line":275,"column":6}},"275":{"start":{"line":276,"column":0},"end":{"line":276,"column":27}},"276":{"start":{"line":277,"column":0},"end":{"line":277,"column":36}},"277":{"start":{"line":278,"column":0},"end":{"line":278,"column":6}},"278":{"start":{"line":279,"column":0},"end":{"line":279,"column":15}},"279":{"start":{"line":280,"column":0},"end":{"line":280,"column":12}},"280":{"start":{"line":281,"column":0},"end":{"line":281,"column":54}},"281":{"start":{"line":282,"column":0},"end":{"line":282,"column":52}},"282":{"start":{"line":283,"column":0},"end":{"line":283,"column":31}},"283":{"start":{"line":284,"column":0},"end":{"line":284,"column":35}},"284":{"start":{"line":285,"column":0},"end":{"line":285,"column":10}},"285":{"start":{"line":286,"column":0},"end":{"line":286,"column":10}},"286":{"start":{"line":287,"column":0},"end":{"line":287,"column":6}},"287":{"start":{"line":288,"column":0},"end":{"line":288,"column":79}},"288":{"start":{"line":289,"column":0},"end":{"line":289,"column":7}},"289":{"start":{"line":290,"column":0},"end":{"line":290,"column":71}},"290":{"start":{"line":291,"column":0},"end":{"line":291,"column":51}},"291":{"start":{"line":292,"column":0},"end":{"line":292,"column":32}},"292":{"start":{"line":293,"column":0},"end":{"line":293,"column":6}},"293":{"start":{"line":294,"column":0},"end":{"line":294,"column":0}},"294":{"start":{"line":295,"column":0},"end":{"line":295,"column":7}},"295":{"start":{"line":296,"column":0},"end":{"line":296,"column":36}},"296":{"start":{"line":297,"column":0},"end":{"line":297,"column":6}},"297":{"start":{"line":298,"column":0},"end":{"line":298,"column":22}},"298":{"start":{"line":299,"column":0},"end":{"line":299,"column":7}},"299":{"start":{"line":300,"column":0},"end":{"line":300,"column":46}},"300":{"start":{"line":301,"column":0},"end":{"line":301,"column":56}},"301":{"start":{"line":302,"column":0},"end":{"line":302,"column":6}},"302":{"start":{"line":303,"column":0},"end":{"line":303,"column":0}},"303":{"start":{"line":304,"column":0},"end":{"line":304,"column":38}},"304":{"start":{"line":305,"column":0},"end":{"line":305,"column":38}},"305":{"start":{"line":306,"column":0},"end":{"line":306,"column":36}},"306":{"start":{"line":307,"column":0},"end":{"line":307,"column":51}},"307":{"start":{"line":308,"column":0},"end":{"line":308,"column":54}},"308":{"start":{"line":309,"column":0},"end":{"line":309,"column":0}},"309":{"start":{"line":310,"column":0},"end":{"line":310,"column":95}},"310":{"start":{"line":311,"column":0},"end":{"line":311,"column":40}},"311":{"start":{"line":312,"column":0},"end":{"line":312,"column":0}},"312":{"start":{"line":313,"column":0},"end":{"line":313,"column":7}},"313":{"start":{"line":314,"column":0},"end":{"line":314,"column":119}},"314":{"start":{"line":315,"column":0},"end":{"line":315,"column":6}},"315":{"start":{"line":316,"column":0},"end":{"line":316,"column":32}},"316":{"start":{"line":317,"column":0},"end":{"line":317,"column":7}},"317":{"start":{"line":318,"column":0},"end":{"line":318,"column":46}},"318":{"start":{"line":319,"column":0},"end":{"line":319,"column":40}},"319":{"start":{"line":320,"column":0},"end":{"line":320,"column":20}},"320":{"start":{"line":321,"column":0},"end":{"line":321,"column":6}},"321":{"start":{"line":322,"column":0},"end":{"line":322,"column":0}},"322":{"start":{"line":323,"column":0},"end":{"line":323,"column":27}},"323":{"start":{"line":324,"column":0},"end":{"line":324,"column":4}}},"s":{"0":1,"1":3,"2":0,"3":0,"4":0,"5":3,"6":3,"7":3,"8":0,"9":0,"10":1,"11":3,"12":3,"13":3,"14":3,"15":3,"16":3,"17":3,"18":3,"19":3,"20":3,"21":3,"22":3,"23":184,"24":184,"25":184,"26":184,"27":0,"28":0,"29":184,"30":184,"31":184,"32":184,"33":184,"34":184,"35":3,"36":3,"37":3,"38":3,"39":3,"40":12,"41":3,"42":3,"43":12,"44":3,"45":3,"46":24,"47":3,"48":3,"49":48,"50":3,"51":3,"52":28,"53":3,"54":3,"55":12,"56":3,"57":3,"58":12,"59":3,"60":3,"61":12,"62":3,"63":3,"64":12,"65":3,"66":3,"67":36,"68":3,"69":3,"70":12,"71":3,"72":3,"73":12,"74":3,"75":3,"76":12,"77":3,"78":3,"79":12,"80":3,"81":3,"82":12,"83":3,"84":3,"85":12,"86":3,"87":3,"88":12,"89":3,"90":3,"91":12,"92":3,"93":3,"94":12,"95":3,"96":3,"97":12,"98":3,"99":3,"100":12,"101":3,"102":3,"103":24,"104":3,"105":3,"106":24,"107":3,"108":3,"109":24,"110":24,"111":24,"112":24,"113":24,"114":24,"115":24,"116":24,"117":3,"118":3,"119":12,"120":12,"121":3,"122":3,"123":3,"124":3,"125":75,"126":75,"127":75,"128":75,"129":3,"130":3,"131":3,"132":3,"133":3,"134":3,"135":3,"136":3,"137":3,"138":3,"139":3,"140":3,"141":3,"142":3,"143":3,"144":3,"145":3,"146":3,"147":3,"148":3,"149":3,"150":3,"151":3,"152":3,"153":3,"154":3,"155":3,"156":3,"157":3,"158":3,"159":3,"160":3,"161":3,"162":3,"163":3,"164":3,"165":3,"166":3,"167":3,"168":3,"169":3,"170":390,"171":2,"172":2,"173":388,"174":390,"175":0,"176":0,"177":388,"178":390,"179":390,"180":390,"181":390,"182":390,"183":0,"184":390,"185":388,"186":412,"187":388,"188":388,"189":390,"190":3,"191":3,"192":3,"193":3,"194":3,"195":3,"196":3,"197":3,"198":3,"199":3,"200":3,"201":3,"202":3,"203":3,"204":3,"205":3,"206":3,"207":494,"208":157,"209":157,"210":337,"211":494,"212":333,"213":0,"214":333,"215":333,"216":333,"217":333,"218":333,"219":0,"220":0,"221":333,"222":333,"223":333,"224":4,"225":4,"226":4,"227":4,"228":3,"229":3,"230":3,"231":3,"232":3,"233":3,"234":0,"235":3,"236":3,"237":3,"238":0,"239":3,"240":3,"241":3,"242":3,"243":3,"244":0,"245":0,"246":0,"247":0,"248":0,"249":0,"250":3,"251":3,"252":3,"253":3,"254":3,"255":3,"256":3,"257":3,"258":13,"259":0,"260":0,"261":13,"262":3,"263":3,"264":3,"265":3,"266":3,"267":3,"268":3,"269":3,"270":3,"271":3,"272":3,"273":3,"274":3,"275":3,"276":3,"277":3,"278":3,"279":3,"280":3,"281":3,"282":3,"283":3,"284":3,"285":3,"286":3,"287":3,"288":3,"289":3,"290":13,"291":13,"292":3,"293":3,"294":3,"295":3,"296":3,"297":3,"298":3,"299":3,"300":1,"301":3,"302":3,"303":3,"304":3,"305":3,"306":3,"307":3,"308":3,"309":3,"310":3,"311":3,"312":3,"313":3,"314":3,"315":3,"316":3,"317":3,"318":1,"319":1,"320":3,"321":3,"322":3,"323":1},"branchMap":{"0":{"type":"branch","line":1,"loc":{"start":{"line":1,"column":1},"end":{"line":11,"column":2}},"locations":[{"start":{"line":1,"column":1},"end":{"line":11,"column":2}}]},"1":{"type":"branch","line":2,"loc":{"start":{"line":2,"column":36},"end":{"line":2,"column":50}},"locations":[{"start":{"line":2,"column":36},"end":{"line":2,"column":50}}]},"2":{"type":"branch","line":2,"loc":{"start":{"line":2,"column":52},"end":{"line":6,"column":5}},"locations":[{"start":{"line":2,"column":52},"end":{"line":6,"column":5}}]},"3":{"type":"branch","line":8,"loc":{"start":{"line":8,"column":5},"end":{"line":10,"column":5}},"locations":[{"start":{"line":8,"column":5},"end":{"line":10,"column":5}}]},"4":{"type":"branch","line":11,"loc":{"start":{"line":11,"column":8},"end":{"line":324,"column":2}},"locations":[{"start":{"line":11,"column":8},"end":{"line":324,"column":2}}]},"5":{"type":"branch","line":125,"loc":{"start":{"line":125,"column":34},"end":{"line":129,"column":5}},"locations":[{"start":{"line":125,"column":34},"end":{"line":129,"column":5}}]},"6":{"type":"branch","line":23,"loc":{"start":{"line":23,"column":4},"end":{"line":35,"column":5}},"locations":[{"start":{"line":23,"column":4},"end":{"line":35,"column":5}}]},"7":{"type":"branch","line":25,"loc":{"start":{"line":25,"column":45},"end":{"line":25,"column":54}},"locations":[{"start":{"line":25,"column":45},"end":{"line":25,"column":54}}]},"8":{"type":"branch","line":25,"loc":{"start":{"line":25,"column":54},"end":{"line":25,"column":58}},"locations":[{"start":{"line":25,"column":54},"end":{"line":25,"column":58}}]},"9":{"type":"branch","line":27,"loc":{"start":{"line":27,"column":35},"end":{"line":29,"column":9}},"locations":[{"start":{"line":27,"column":35},"end":{"line":29,"column":9}}]},"10":{"type":"branch","line":32,"loc":{"start":{"line":32,"column":57},"end":{"line":32,"column":58}},"locations":[{"start":{"line":32,"column":57},"end":{"line":32,"column":58}}]},"11":{"type":"branch","line":40,"loc":{"start":{"line":40,"column":14},"end":{"line":42,"column":9}},"locations":[{"start":{"line":40,"column":14},"end":{"line":42,"column":9}}]},"12":{"type":"branch","line":43,"loc":{"start":{"line":43,"column":12},"end":{"line":45,"column":9}},"locations":[{"start":{"line":43,"column":12},"end":{"line":45,"column":9}}]},"13":{"type":"branch","line":46,"loc":{"start":{"line":46,"column":14},"end":{"line":48,"column":9}},"locations":[{"start":{"line":46,"column":14},"end":{"line":48,"column":9}}]},"14":{"type":"branch","line":49,"loc":{"start":{"line":49,"column":13},"end":{"line":51,"column":9}},"locations":[{"start":{"line":49,"column":13},"end":{"line":51,"column":9}}]},"15":{"type":"branch","line":52,"loc":{"start":{"line":52,"column":12},"end":{"line":54,"column":9}},"locations":[{"start":{"line":52,"column":12},"end":{"line":54,"column":9}}]},"16":{"type":"branch","line":55,"loc":{"start":{"line":55,"column":11},"end":{"line":57,"column":9}},"locations":[{"start":{"line":55,"column":11},"end":{"line":57,"column":9}}]},"17":{"type":"branch","line":58,"loc":{"start":{"line":58,"column":13},"end":{"line":60,"column":9}},"locations":[{"start":{"line":58,"column":13},"end":{"line":60,"column":9}}]},"18":{"type":"branch","line":61,"loc":{"start":{"line":61,"column":12},"end":{"line":63,"column":9}},"locations":[{"start":{"line":61,"column":12},"end":{"line":63,"column":9}}]},"19":{"type":"branch","line":64,"loc":{"start":{"line":64,"column":11},"end":{"line":66,"column":9}},"locations":[{"start":{"line":64,"column":11},"end":{"line":66,"column":9}}]},"20":{"type":"branch","line":67,"loc":{"start":{"line":67,"column":12},"end":{"line":69,"column":9}},"locations":[{"start":{"line":67,"column":12},"end":{"line":69,"column":9}}]},"21":{"type":"branch","line":70,"loc":{"start":{"line":70,"column":11},"end":{"line":72,"column":9}},"locations":[{"start":{"line":70,"column":11},"end":{"line":72,"column":9}}]},"22":{"type":"branch","line":73,"loc":{"start":{"line":73,"column":12},"end":{"line":75,"column":9}},"locations":[{"start":{"line":73,"column":12},"end":{"line":75,"column":9}}]},"23":{"type":"branch","line":76,"loc":{"start":{"line":76,"column":11},"end":{"line":78,"column":9}},"locations":[{"start":{"line":76,"column":11},"end":{"line":78,"column":9}}]},"24":{"type":"branch","line":79,"loc":{"start":{"line":79,"column":12},"end":{"line":81,"column":9}},"locations":[{"start":{"line":79,"column":12},"end":{"line":81,"column":9}}]},"25":{"type":"branch","line":80,"loc":{"start":{"line":80,"column":53},"end":{"line":80,"column":59}},"locations":[{"start":{"line":80,"column":53},"end":{"line":80,"column":59}}]},"26":{"type":"branch","line":82,"loc":{"start":{"line":82,"column":11},"end":{"line":84,"column":9}},"locations":[{"start":{"line":82,"column":11},"end":{"line":84,"column":9}}]},"27":{"type":"branch","line":83,"loc":{"start":{"line":83,"column":39},"end":{"line":83,"column":45}},"locations":[{"start":{"line":83,"column":39},"end":{"line":83,"column":45}}]},"28":{"type":"branch","line":85,"loc":{"start":{"line":85,"column":12},"end":{"line":87,"column":9}},"locations":[{"start":{"line":85,"column":12},"end":{"line":87,"column":9}}]},"29":{"type":"branch","line":88,"loc":{"start":{"line":88,"column":11},"end":{"line":90,"column":9}},"locations":[{"start":{"line":88,"column":11},"end":{"line":90,"column":9}}]},"30":{"type":"branch","line":91,"loc":{"start":{"line":91,"column":12},"end":{"line":93,"column":9}},"locations":[{"start":{"line":91,"column":12},"end":{"line":93,"column":9}}]},"31":{"type":"branch","line":94,"loc":{"start":{"line":94,"column":11},"end":{"line":96,"column":9}},"locations":[{"start":{"line":94,"column":11},"end":{"line":96,"column":9}}]},"32":{"type":"branch","line":97,"loc":{"start":{"line":97,"column":12},"end":{"line":99,"column":9}},"locations":[{"start":{"line":97,"column":12},"end":{"line":99,"column":9}}]},"33":{"type":"branch","line":100,"loc":{"start":{"line":100,"column":11},"end":{"line":102,"column":9}},"locations":[{"start":{"line":100,"column":11},"end":{"line":102,"column":9}}]},"34":{"type":"branch","line":103,"loc":{"start":{"line":103,"column":11},"end":{"line":105,"column":9}},"locations":[{"start":{"line":103,"column":11},"end":{"line":105,"column":9}}]},"35":{"type":"branch","line":106,"loc":{"start":{"line":106,"column":11},"end":{"line":108,"column":9}},"locations":[{"start":{"line":106,"column":11},"end":{"line":108,"column":9}}]},"36":{"type":"branch","line":109,"loc":{"start":{"line":109,"column":12},"end":{"line":118,"column":9}},"locations":[{"start":{"line":109,"column":12},"end":{"line":118,"column":9}}]},"37":{"type":"branch","line":113,"loc":{"start":{"line":113,"column":29},"end":{"line":113,"column":35}},"locations":[{"start":{"line":113,"column":29},"end":{"line":113,"column":35}}]},"38":{"type":"branch","line":115,"loc":{"start":{"line":115,"column":33},"end":{"line":115,"column":39}},"locations":[{"start":{"line":115,"column":33},"end":{"line":115,"column":39}}]},"39":{"type":"branch","line":119,"loc":{"start":{"line":119,"column":11},"end":{"line":121,"column":9}},"locations":[{"start":{"line":119,"column":11},"end":{"line":121,"column":9}}]},"40":{"type":"branch","line":170,"loc":{"start":{"line":170,"column":4},"end":{"line":190,"column":5}},"locations":[{"start":{"line":170,"column":4},"end":{"line":190,"column":5}}]},"41":{"type":"branch","line":171,"loc":{"start":{"line":171,"column":19},"end":{"line":171,"column":49}},"locations":[{"start":{"line":171,"column":19},"end":{"line":171,"column":49}}]},"42":{"type":"branch","line":171,"loc":{"start":{"line":171,"column":51},"end":{"line":173,"column":9}},"locations":[{"start":{"line":171,"column":51},"end":{"line":173,"column":9}}]},"43":{"type":"branch","line":173,"loc":{"start":{"line":173,"column":8},"end":{"line":175,"column":57}},"locations":[{"start":{"line":173,"column":8},"end":{"line":175,"column":57}}]},"44":{"type":"branch","line":175,"loc":{"start":{"line":175,"column":57},"end":{"line":175,"column":85}},"locations":[{"start":{"line":175,"column":57},"end":{"line":175,"column":85}}]},"45":{"type":"branch","line":175,"loc":{"start":{"line":175,"column":85},"end":{"line":175,"column":113}},"locations":[{"start":{"line":175,"column":85},"end":{"line":175,"column":113}}]},"46":{"type":"branch","line":175,"loc":{"start":{"line":175,"column":115},"end":{"line":177,"column":9}},"locations":[{"start":{"line":175,"column":115},"end":{"line":177,"column":9}}]},"47":{"type":"branch","line":177,"loc":{"start":{"line":177,"column":8},"end":{"line":179,"column":48}},"locations":[{"start":{"line":177,"column":8},"end":{"line":179,"column":48}}]},"48":{"type":"branch","line":179,"loc":{"start":{"line":179,"column":48},"end":{"line":179,"column":96}},"locations":[{"start":{"line":179,"column":48},"end":{"line":179,"column":96}}]},"49":{"type":"branch","line":179,"loc":{"start":{"line":179,"column":79},"end":{"line":179,"column":96}},"locations":[{"start":{"line":179,"column":79},"end":{"line":179,"column":96}}]},"50":{"type":"branch","line":179,"loc":{"start":{"line":179,"column":96},"end":{"line":179,"column":109}},"locations":[{"start":{"line":179,"column":96},"end":{"line":179,"column":109}}]},"51":{"type":"branch","line":183,"loc":{"start":{"line":183,"column":49},"end":{"line":185,"column":9}},"locations":[{"start":{"line":183,"column":49},"end":{"line":185,"column":9}}]},"52":{"type":"branch","line":185,"loc":{"start":{"line":185,"column":9},"end":{"line":189,"column":9}},"locations":[{"start":{"line":185,"column":9},"end":{"line":189,"column":9}}]},"53":{"type":"branch","line":186,"loc":{"start":{"line":186,"column":42},"end":{"line":188,"column":13}},"locations":[{"start":{"line":186,"column":42},"end":{"line":188,"column":13}}]},"54":{"type":"branch","line":207,"loc":{"start":{"line":207,"column":38},"end":{"line":229,"column":5}},"locations":[{"start":{"line":207,"column":38},"end":{"line":229,"column":5}}]},"55":{"type":"branch","line":208,"loc":{"start":{"line":208,"column":19},"end":{"line":210,"column":9}},"locations":[{"start":{"line":208,"column":19},"end":{"line":210,"column":9}}]},"56":{"type":"branch","line":210,"loc":{"start":{"line":210,"column":8},"end":{"line":212,"column":22}},"locations":[{"start":{"line":210,"column":8},"end":{"line":212,"column":22}}]},"57":{"type":"branch","line":212,"loc":{"start":{"line":212,"column":22},"end":{"line":224,"column":9}},"locations":[{"start":{"line":212,"column":22},"end":{"line":224,"column":9}}]},"58":{"type":"branch","line":213,"loc":{"start":{"line":213,"column":31},"end":{"line":213,"column":61}},"locations":[{"start":{"line":213,"column":31},"end":{"line":213,"column":61}}]},"59":{"type":"branch","line":213,"loc":{"start":{"line":213,"column":63},"end":{"line":215,"column":13}},"locations":[{"start":{"line":213,"column":63},"end":{"line":215,"column":13}}]},"60":{"type":"branch","line":219,"loc":{"start":{"line":219,"column":18},"end":{"line":221,"column":17}},"locations":[{"start":{"line":219,"column":18},"end":{"line":221,"column":17}}]},"61":{"type":"branch","line":224,"loc":{"start":{"line":224,"column":8},"end":{"line":229,"column":5}},"locations":[{"start":{"line":224,"column":8},"end":{"line":229,"column":5}}]},"62":{"type":"branch","line":258,"loc":{"start":{"line":258,"column":26},"end":{"line":263,"column":5}},"locations":[{"start":{"line":258,"column":26},"end":{"line":263,"column":5}}]},"63":{"type":"branch","line":290,"loc":{"start":{"line":290,"column":46},"end":{"line":293,"column":5}},"locations":[{"start":{"line":290,"column":46},"end":{"line":293,"column":5}}]},"64":{"type":"branch","line":300,"loc":{"start":{"line":300,"column":33},"end":{"line":302,"column":5}},"locations":[{"start":{"line":300,"column":33},"end":{"line":302,"column":5}}]},"65":{"type":"branch","line":318,"loc":{"start":{"line":318,"column":33},"end":{"line":321,"column":5}},"locations":[{"start":{"line":318,"column":33},"end":{"line":321,"column":5}}]}},"b":{"0":[3],"1":[0],"2":[0],"3":[0],"4":[3],"5":[75],"6":[184],"7":[12],"8":[172],"9":[0],"10":[133],"11":[12],"12":[12],"13":[24],"14":[48],"15":[28],"16":[12],"17":[12],"18":[12],"19":[12],"20":[36],"21":[12],"22":[12],"23":[12],"24":[12],"25":[1],"26":[12],"27":[1],"28":[12],"29":[12],"30":[12],"31":[12],"32":[12],"33":[12],"34":[24],"35":[24],"36":[24],"37":[0],"38":[12],"39":[12],"40":[390],"41":[388],"42":[2],"43":[388],"44":[0],"45":[0],"46":[0],"47":[388],"48":[388],"49":[0],"50":[0],"51":[0],"52":[388],"53":[412],"54":[494],"55":[157],"56":[337],"57":[333],"58":[332],"59":[0],"60":[0],"61":[4],"62":[13],"63":[13],"64":[1],"65":[1]},"fnMap":{"0":{"name":"leadingZeroes","decl":{"start":{"line":23,"column":4},"end":{"line":35,"column":5}},"loc":{"start":{"line":23,"column":4},"end":{"line":35,"column":5}},"line":23},"1":{"name":"YYYY","decl":{"start":{"line":40,"column":14},"end":{"line":42,"column":9}},"loc":{"start":{"line":40,"column":14},"end":{"line":42,"column":9}},"line":40},"2":{"name":"YY","decl":{"start":{"line":43,"column":12},"end":{"line":45,"column":9}},"loc":{"start":{"line":43,"column":12},"end":{"line":45,"column":9}},"line":43},"3":{"name":"MMMM","decl":{"start":{"line":46,"column":14},"end":{"line":48,"column":9}},"loc":{"start":{"line":46,"column":14},"end":{"line":48,"column":9}},"line":46},"4":{"name":"MMM","decl":{"start":{"line":49,"column":13},"end":{"line":51,"column":9}},"loc":{"start":{"line":49,"column":13},"end":{"line":51,"column":9}},"line":49},"5":{"name":"MM","decl":{"start":{"line":52,"column":12},"end":{"line":54,"column":9}},"loc":{"start":{"line":52,"column":12},"end":{"line":54,"column":9}},"line":52},"6":{"name":"M","decl":{"start":{"line":55,"column":11},"end":{"line":57,"column":9}},"loc":{"start":{"line":55,"column":11},"end":{"line":57,"column":9}},"line":55},"7":{"name":"DDD","decl":{"start":{"line":58,"column":13},"end":{"line":60,"column":9}},"loc":{"start":{"line":58,"column":13},"end":{"line":60,"column":9}},"line":58},"8":{"name":"DD","decl":{"start":{"line":61,"column":12},"end":{"line":63,"column":9}},"loc":{"start":{"line":61,"column":12},"end":{"line":63,"column":9}},"line":61},"9":{"name":"D","decl":{"start":{"line":64,"column":11},"end":{"line":66,"column":9}},"loc":{"start":{"line":64,"column":11},"end":{"line":66,"column":9}},"line":64},"10":{"name":"dd","decl":{"start":{"line":67,"column":12},"end":{"line":69,"column":9}},"loc":{"start":{"line":67,"column":12},"end":{"line":69,"column":9}},"line":67},"11":{"name":"d","decl":{"start":{"line":70,"column":11},"end":{"line":72,"column":9}},"loc":{"start":{"line":70,"column":11},"end":{"line":72,"column":9}},"line":70},"12":{"name":"HH","decl":{"start":{"line":73,"column":12},"end":{"line":75,"column":9}},"loc":{"start":{"line":73,"column":12},"end":{"line":75,"column":9}},"line":73},"13":{"name":"H","decl":{"start":{"line":76,"column":11},"end":{"line":78,"column":9}},"loc":{"start":{"line":76,"column":11},"end":{"line":78,"column":9}},"line":76},"14":{"name":"hh","decl":{"start":{"line":79,"column":12},"end":{"line":81,"column":9}},"loc":{"start":{"line":79,"column":12},"end":{"line":81,"column":9}},"line":79},"15":{"name":"h","decl":{"start":{"line":82,"column":11},"end":{"line":84,"column":9}},"loc":{"start":{"line":82,"column":11},"end":{"line":84,"column":9}},"line":82},"16":{"name":"mm","decl":{"start":{"line":85,"column":12},"end":{"line":87,"column":9}},"loc":{"start":{"line":85,"column":12},"end":{"line":87,"column":9}},"line":85},"17":{"name":"m","decl":{"start":{"line":88,"column":11},"end":{"line":90,"column":9}},"loc":{"start":{"line":88,"column":11},"end":{"line":90,"column":9}},"line":88},"18":{"name":"ss","decl":{"start":{"line":91,"column":12},"end":{"line":93,"column":9}},"loc":{"start":{"line":91,"column":12},"end":{"line":93,"column":9}},"line":91},"19":{"name":"s","decl":{"start":{"line":94,"column":11},"end":{"line":96,"column":9}},"loc":{"start":{"line":94,"column":11},"end":{"line":96,"column":9}},"line":94},"20":{"name":"ff","decl":{"start":{"line":97,"column":12},"end":{"line":99,"column":9}},"loc":{"start":{"line":97,"column":12},"end":{"line":99,"column":9}},"line":97},"21":{"name":"f","decl":{"start":{"line":100,"column":11},"end":{"line":102,"column":9}},"loc":{"start":{"line":100,"column":11},"end":{"line":102,"column":9}},"line":100},"22":{"name":"A","decl":{"start":{"line":103,"column":11},"end":{"line":105,"column":9}},"loc":{"start":{"line":103,"column":11},"end":{"line":105,"column":9}},"line":103},"23":{"name":"a","decl":{"start":{"line":106,"column":11},"end":{"line":108,"column":9}},"loc":{"start":{"line":106,"column":11},"end":{"line":108,"column":9}},"line":106},"24":{"name":"ZZ","decl":{"start":{"line":109,"column":12},"end":{"line":118,"column":9}},"loc":{"start":{"line":109,"column":12},"end":{"line":118,"column":9}},"line":109},"25":{"name":"Z","decl":{"start":{"line":119,"column":11},"end":{"line":121,"column":9}},"loc":{"start":{"line":119,"column":11},"end":{"line":121,"column":9}},"line":119},"26":{"name":"unitTestingTask","decl":{"start":{"line":170,"column":4},"end":{"line":190,"column":5}},"loc":{"start":{"line":170,"column":4},"end":{"line":190,"column":5}},"line":170},"27":{"name":"unitTestingTask.lang","decl":{"start":{"line":207,"column":38},"end":{"line":229,"column":5}},"loc":{"start":{"line":207,"column":38},"end":{"line":229,"column":5}},"line":207},"28":{"name":"months","decl":{"start":{"line":234,"column":16},"end":{"line":236,"column":9}},"loc":{"start":{"line":234,"column":16},"end":{"line":236,"column":9}},"line":234},"29":{"name":"monthsShort","decl":{"start":{"line":238,"column":21},"end":{"line":240,"column":9}},"loc":{"start":{"line":238,"column":21},"end":{"line":240,"column":9}},"line":238},"30":{"name":"meridiem","decl":{"start":{"line":244,"column":19},"end":{"line":250,"column":9}},"loc":{"start":{"line":244,"column":19},"end":{"line":250,"column":9}},"line":244},"31":{"name":"createFormatter","decl":{"start":{"line":258,"column":26},"end":{"line":263,"column":5}},"loc":{"start":{"line":258,"column":26},"end":{"line":263,"column":5}},"line":258},"32":{"name":"unitTestingTask.register","decl":{"start":{"line":290,"column":46},"end":{"line":293,"column":5}},"loc":{"start":{"line":290,"column":46},"end":{"line":293,"column":5}},"line":290},"33":{"name":"unitTestingTask.formatters","decl":{"start":{"line":300,"column":33},"end":{"line":302,"column":5}},"loc":{"start":{"line":300,"column":33},"end":{"line":302,"column":5}},"line":300},"34":{"name":"unitTestingTask.noConflict","decl":{"start":{"line":318,"column":33},"end":{"line":321,"column":5}},"loc":{"start":{"line":318,"column":33},"end":{"line":321,"column":5}},"line":318}},"f":{"0":184,"1":12,"2":12,"3":24,"4":48,"5":28,"6":12,"7":12,"8":12,"9":12,"10":36,"11":12,"12":12,"13":12,"14":12,"15":12,"16":12,"17":12,"18":12,"19":12,"20":12,"21":12,"22":24,"23":24,"24":24,"25":12,"26":390,"27":494,"28":0,"29":0,"30":0,"31":13,"32":13,"33":1,"34":1}}
,"/Users/asierbista/WebstormProjects/date-master/lang/be.js": {"path":"/Users/asierbista/WebstormProjects/date-master/lang/be.js","all":false,"statementMap":{"0":{"start":{"line":1,"column":0},"end":{"line":1,"column":21}},"1":{"start":{"line":2,"column":0},"end":{"line":2,"column":53}},"2":{"start":{"line":3,"column":0},"end":{"line":3,"column":45}},"3":{"start":{"line":4,"column":0},"end":{"line":4,"column":45}},"4":{"start":{"line":5,"column":0},"end":{"line":5,"column":61}},"5":{"start":{"line":6,"column":0},"end":{"line":6,"column":12}},"6":{"start":{"line":7,"column":0},"end":{"line":7,"column":40}},"7":{"start":{"line":8,"column":0},"end":{"line":8,"column":5}},"8":{"start":{"line":9,"column":0},"end":{"line":9,"column":30}},"9":{"start":{"line":10,"column":0},"end":{"line":10,"column":32}},"10":{"start":{"line":11,"column":0},"end":{"line":11,"column":18}},"11":{"start":{"line":12,"column":0},"end":{"line":12,"column":136}},"12":{"start":{"line":13,"column":0},"end":{"line":13,"column":137}},"13":{"start":{"line":14,"column":0},"end":{"line":14,"column":10}},"14":{"start":{"line":15,"column":0},"end":{"line":15,"column":41}},"15":{"start":{"line":16,"column":0},"end":{"line":16,"column":84}},"16":{"start":{"line":17,"column":0},"end":{"line":17,"column":59}},"17":{"start":{"line":18,"column":0},"end":{"line":18,"column":10}},"18":{"start":{"line":19,"column":0},"end":{"line":19,"column":83}},"19":{"start":{"line":20,"column":0},"end":{"line":20,"column":38}},"20":{"start":{"line":21,"column":0},"end":{"line":21,"column":54}},"21":{"start":{"line":22,"column":0},"end":{"line":22,"column":10}},"22":{"start":{"line":23,"column":0},"end":{"line":23,"column":87}},"23":{"start":{"line":24,"column":0},"end":{"line":24,"column":60}},"24":{"start":{"line":25,"column":0},"end":{"line":25,"column":58}},"25":{"start":{"line":26,"column":0},"end":{"line":26,"column":36}},"26":{"start":{"line":27,"column":0},"end":{"line":27,"column":27}},"27":{"start":{"line":28,"column":0},"end":{"line":28,"column":30}},"28":{"start":{"line":29,"column":0},"end":{"line":29,"column":35}},"29":{"start":{"line":30,"column":0},"end":{"line":30,"column":32}},"30":{"start":{"line":31,"column":0},"end":{"line":31,"column":35}},"31":{"start":{"line":32,"column":0},"end":{"line":32,"column":29}},"32":{"start":{"line":33,"column":0},"end":{"line":33,"column":20}},"33":{"start":{"line":34,"column":0},"end":{"line":34,"column":32}},"34":{"start":{"line":35,"column":0},"end":{"line":35,"column":13}},"35":{"start":{"line":36,"column":0},"end":{"line":36,"column":9}},"36":{"start":{"line":37,"column":0},"end":{"line":37,"column":7}},"37":{"start":{"line":38,"column":0},"end":{"line":38,"column":4}}},"s":{"0":1,"1":1,"2":0,"3":1,"4":1,"5":1,"6":0,"7":0,"8":1,"9":1,"10":1,"11":1,"12":1,"13":1,"14":1,"15":24,"16":24,"17":1,"18":1,"19":1,"20":48,"21":1,"22":1,"23":1,"24":1,"25":1,"26":48,"27":8,"28":48,"29":16,"30":40,"31":10,"32":24,"33":14,"34":14,"35":48,"36":1,"37":1},"branchMap":{"0":{"type":"branch","line":1,"loc":{"start":{"line":1,"column":1},"end":{"line":9,"column":2}},"locations":[{"start":{"line":1,"column":1},"end":{"line":9,"column":2}}]},"1":{"type":"branch","line":2,"loc":{"start":{"line":2,"column":36},"end":{"line":2,"column":50}},"locations":[{"start":{"line":2,"column":36},"end":{"line":2,"column":50}}]},"2":{"type":"branch","line":2,"loc":{"start":{"line":2,"column":52},"end":{"line":4,"column":5}},"locations":[{"start":{"line":2,"column":52},"end":{"line":4,"column":5}}]},"3":{"type":"branch","line":6,"loc":{"start":{"line":6,"column":5},"end":{"line":8,"column":5}},"locations":[{"start":{"line":6,"column":5},"end":{"line":8,"column":5}}]},"4":{"type":"branch","line":9,"loc":{"start":{"line":9,"column":2},"end":{"line":38,"column":2}},"locations":[{"start":{"line":9,"column":2},"end":{"line":38,"column":2}}]},"5":{"type":"branch","line":15,"loc":{"start":{"line":15,"column":16},"end":{"line":18,"column":9}},"locations":[{"start":{"line":15,"column":16},"end":{"line":18,"column":9}}]},"6":{"type":"branch","line":16,"loc":{"start":{"line":16,"column":53},"end":{"line":16,"column":68}},"locations":[{"start":{"line":16,"column":53},"end":{"line":16,"column":68}}]},"7":{"type":"branch","line":16,"loc":{"start":{"line":16,"column":68},"end":{"line":16,"column":83}},"locations":[{"start":{"line":16,"column":68},"end":{"line":16,"column":83}}]},"8":{"type":"branch","line":20,"loc":{"start":{"line":20,"column":21},"end":{"line":22,"column":9}},"locations":[{"start":{"line":20,"column":21},"end":{"line":22,"column":9}}]},"9":{"type":"branch","line":26,"loc":{"start":{"line":26,"column":19},"end":{"line":36,"column":9}},"locations":[{"start":{"line":26,"column":19},"end":{"line":36,"column":9}}]},"10":{"type":"branch","line":27,"loc":{"start":{"line":27,"column":26},"end":{"line":29,"column":13}},"locations":[{"start":{"line":27,"column":26},"end":{"line":29,"column":13}}]},"11":{"type":"branch","line":29,"loc":{"start":{"line":29,"column":13},"end":{"line":35,"column":13}},"locations":[{"start":{"line":29,"column":13},"end":{"line":35,"column":13}}]},"12":{"type":"branch","line":29,"loc":{"start":{"line":29,"column":34},"end":{"line":31,"column":13}},"locations":[{"start":{"line":29,"column":34},"end":{"line":31,"column":13}}]},"13":{"type":"branch","line":31,"loc":{"start":{"line":31,"column":13},"end":{"line":35,"column":13}},"locations":[{"start":{"line":31,"column":13},"end":{"line":35,"column":13}}]},"14":{"type":"branch","line":31,"loc":{"start":{"line":31,"column":34},"end":{"line":33,"column":13}},"locations":[{"start":{"line":31,"column":34},"end":{"line":33,"column":13}}]},"15":{"type":"branch","line":33,"loc":{"start":{"line":33,"column":13},"end":{"line":35,"column":13}},"locations":[{"start":{"line":33,"column":13},"end":{"line":35,"column":13}}]}},"b":{"0":[1],"1":[0],"2":[0],"3":[0],"4":[1],"5":[24],"6":[12],"7":[12],"8":[48],"9":[48],"10":[8],"11":[40],"12":[16],"13":[24],"14":[10],"15":[14]},"fnMap":{"0":{"name":"months","decl":{"start":{"line":15,"column":16},"end":{"line":18,"column":9}},"loc":{"start":{"line":15,"column":16},"end":{"line":18,"column":9}},"line":15},"1":{"name":"monthsShort","decl":{"start":{"line":20,"column":21},"end":{"line":22,"column":9}},"loc":{"start":{"line":20,"column":21},"end":{"line":22,"column":9}},"line":20},"2":{"name":"meridiem","decl":{"start":{"line":26,"column":19},"end":{"line":36,"column":9}},"loc":{"start":{"line":26,"column":19},"end":{"line":36,"column":9}},"line":26}},"f":{"0":24,"1":48,"2":48}}
}
