TN:
SF:unitTestingTask.js
FN:23,leadingZeroes
FN:40,YYYY
FN:43,YY
FN:46,MMMM
FN:49,MMM
FN:52,MM
FN:55,M
FN:58,DDD
FN:61,DD
FN:64,D
FN:67,dd
FN:70,d
FN:73,HH
FN:76,H
FN:79,hh
FN:82,h
FN:85,mm
FN:88,m
FN:91,ss
FN:94,s
FN:97,ff
FN:100,f
FN:103,A
FN:106,a
FN:109,ZZ
FN:119,Z
FN:170,unitTestingTask
FN:207,unitTestingTask.lang
FN:234,months
FN:238,monthsShort
FN:244,meridiem
FN:258,createFormatter
FN:290,unitTestingTask.register
FN:300,unitTestingTask.formatters
FN:318,unitTestingTask.noConflict
FNF:35
FNH:32
FNDA:184,leadingZeroes
FNDA:12,YYYY
FNDA:12,YY
FNDA:24,MMMM
FNDA:48,MMM
FNDA:28,MM
FNDA:12,M
FNDA:12,DDD
FNDA:12,DD
FNDA:12,D
FNDA:36,dd
FNDA:12,d
FNDA:12,HH
FNDA:12,H
FNDA:12,hh
FNDA:12,h
FNDA:12,mm
FNDA:12,m
FNDA:12,ss
FNDA:12,s
FNDA:12,ff
FNDA:12,f
FNDA:24,A
FNDA:24,a
FNDA:24,ZZ
FNDA:12,Z
FNDA:390,unitTestingTask
FNDA:494,unitTestingTask.lang
FNDA:0,months
FNDA:0,monthsShort
FNDA:0,meridiem
FNDA:13,createFormatter
FNDA:13,unitTestingTask.register
FNDA:1,unitTestingTask.formatters
FNDA:1,unitTestingTask.noConflict
DA:1,1
DA:2,3
DA:3,0
DA:4,0
DA:5,0
DA:6,3
DA:7,3
DA:8,3
DA:9,0
DA:10,0
DA:11,1
DA:12,3
DA:13,3
DA:14,3
DA:15,3
DA:16,3
DA:17,3
DA:18,3
DA:19,3
DA:20,3
DA:21,3
DA:22,3
DA:23,3
DA:24,184
DA:25,184
DA:26,184
DA:27,184
DA:28,0
DA:29,0
DA:30,184
DA:31,184
DA:32,184
DA:33,184
DA:34,184
DA:35,184
DA:36,3
DA:37,3
DA:38,3
DA:39,3
DA:40,3
DA:41,12
DA:42,3
DA:43,3
DA:44,12
DA:45,3
DA:46,3
DA:47,24
DA:48,3
DA:49,3
DA:50,48
DA:51,3
DA:52,3
DA:53,28
DA:54,3
DA:55,3
DA:56,12
DA:57,3
DA:58,3
DA:59,12
DA:60,3
DA:61,3
DA:62,12
DA:63,3
DA:64,3
DA:65,12
DA:66,3
DA:67,3
DA:68,36
DA:69,3
DA:70,3
DA:71,12
DA:72,3
DA:73,3
DA:74,12
DA:75,3
DA:76,3
DA:77,12
DA:78,3
DA:79,3
DA:80,12
DA:81,3
DA:82,3
DA:83,12
DA:84,3
DA:85,3
DA:86,12
DA:87,3
DA:88,3
DA:89,12
DA:90,3
DA:91,3
DA:92,12
DA:93,3
DA:94,3
DA:95,12
DA:96,3
DA:97,3
DA:98,12
DA:99,3
DA:100,3
DA:101,12
DA:102,3
DA:103,3
DA:104,24
DA:105,3
DA:106,3
DA:107,24
DA:108,3
DA:109,3
DA:110,24
DA:111,24
DA:112,24
DA:113,24
DA:114,24
DA:115,24
DA:116,24
DA:117,24
DA:118,3
DA:119,3
DA:120,12
DA:121,12
DA:122,3
DA:123,3
DA:124,3
DA:125,3
DA:126,75
DA:127,75
DA:128,75
DA:129,75
DA:130,3
DA:131,3
DA:132,3
DA:133,3
DA:134,3
DA:135,3
DA:136,3
DA:137,3
DA:138,3
DA:139,3
DA:140,3
DA:141,3
DA:142,3
DA:143,3
DA:144,3
DA:145,3
DA:146,3
DA:147,3
DA:148,3
DA:149,3
DA:150,3
DA:151,3
DA:152,3
DA:153,3
DA:154,3
DA:155,3
DA:156,3
DA:157,3
DA:158,3
DA:159,3
DA:160,3
DA:161,3
DA:162,3
DA:163,3
DA:164,3
DA:165,3
DA:166,3
DA:167,3
DA:168,3
DA:169,3
DA:170,3
DA:171,390
DA:172,2
DA:173,2
DA:174,388
DA:175,390
DA:176,0
DA:177,0
DA:178,388
DA:179,390
DA:180,390
DA:181,390
DA:182,390
DA:183,390
DA:184,0
DA:185,390
DA:186,388
DA:187,412
DA:188,388
DA:189,388
DA:190,390
DA:191,3
DA:192,3
DA:193,3
DA:194,3
DA:195,3
DA:196,3
DA:197,3
DA:198,3
DA:199,3
DA:200,3
DA:201,3
DA:202,3
DA:203,3
DA:204,3
DA:205,3
DA:206,3
DA:207,3
DA:208,494
DA:209,157
DA:210,157
DA:211,337
DA:212,494
DA:213,333
DA:214,0
DA:215,333
DA:216,333
DA:217,333
DA:218,333
DA:219,333
DA:220,0
DA:221,0
DA:222,333
DA:223,333
DA:224,333
DA:225,4
DA:226,4
DA:227,4
DA:228,4
DA:229,3
DA:230,3
DA:231,3
DA:232,3
DA:233,3
DA:234,3
DA:235,0
DA:236,3
DA:237,3
DA:238,3
DA:239,0
DA:240,3
DA:241,3
DA:242,3
DA:243,3
DA:244,3
DA:245,0
DA:246,0
DA:247,0
DA:248,0
DA:249,0
DA:250,0
DA:251,3
DA:252,3
DA:253,3
DA:254,3
DA:255,3
DA:256,3
DA:257,3
DA:258,3
DA:259,13
DA:260,0
DA:261,0
DA:262,13
DA:263,3
DA:264,3
DA:265,3
DA:266,3
DA:267,3
DA:268,3
DA:269,3
DA:270,3
DA:271,3
DA:272,3
DA:273,3
DA:274,3
DA:275,3
DA:276,3
DA:277,3
DA:278,3
DA:279,3
DA:280,3
DA:281,3
DA:282,3
DA:283,3
DA:284,3
DA:285,3
DA:286,3
DA:287,3
DA:288,3
DA:289,3
DA:290,3
DA:291,13
DA:292,13
DA:293,3
DA:294,3
DA:295,3
DA:296,3
DA:297,3
DA:298,3
DA:299,3
DA:300,3
DA:301,1
DA:302,3
DA:303,3
DA:304,3
DA:305,3
DA:306,3
DA:307,3
DA:308,3
DA:309,3
DA:310,3
DA:311,3
DA:312,3
DA:313,3
DA:314,3
DA:315,3
DA:316,3
DA:317,3
DA:318,3
DA:319,1
DA:320,1
DA:321,3
DA:322,3
DA:323,3
DA:324,1
LF:324
LH:301
BRDA:1,0,0,3
BRDA:2,1,0,0
BRDA:2,2,0,0
BRDA:8,3,0,0
BRDA:11,4,0,3
BRDA:125,5,0,75
BRDA:23,6,0,184
BRDA:25,7,0,12
BRDA:25,8,0,172
BRDA:27,9,0,0
BRDA:32,10,0,133
BRDA:40,11,0,12
BRDA:43,12,0,12
BRDA:46,13,0,24
BRDA:49,14,0,48
BRDA:52,15,0,28
BRDA:55,16,0,12
BRDA:58,17,0,12
BRDA:61,18,0,12
BRDA:64,19,0,12
BRDA:67,20,0,36
BRDA:70,21,0,12
BRDA:73,22,0,12
BRDA:76,23,0,12
BRDA:79,24,0,12
BRDA:80,25,0,1
BRDA:82,26,0,12
BRDA:83,27,0,1
BRDA:85,28,0,12
BRDA:88,29,0,12
BRDA:91,30,0,12
BRDA:94,31,0,12
BRDA:97,32,0,12
BRDA:100,33,0,12
BRDA:103,34,0,24
BRDA:106,35,0,24
BRDA:109,36,0,24
BRDA:113,37,0,0
BRDA:115,38,0,12
BRDA:119,39,0,12
BRDA:170,40,0,390
BRDA:171,41,0,388
BRDA:171,42,0,2
BRDA:173,43,0,388
BRDA:175,44,0,0
BRDA:175,45,0,0
BRDA:175,46,0,0
BRDA:177,47,0,388
BRDA:179,48,0,388
BRDA:179,49,0,0
BRDA:179,50,0,0
BRDA:183,51,0,0
BRDA:185,52,0,388
BRDA:186,53,0,412
BRDA:207,54,0,494
BRDA:208,55,0,157
BRDA:210,56,0,337
BRDA:212,57,0,333
BRDA:213,58,0,332
BRDA:213,59,0,0
BRDA:219,60,0,0
BRDA:224,61,0,4
BRDA:258,62,0,13
BRDA:290,63,0,13
BRDA:300,64,0,1
BRDA:318,65,0,1
BRF:66
BRH:53
end_of_record
TN:
SF:lang/be.js
FN:15,months
FN:20,monthsShort
FN:26,meridiem
FNF:3
FNH:3
FNDA:24,months
FNDA:48,monthsShort
FNDA:48,meridiem
DA:1,1
DA:2,1
DA:3,0
DA:4,1
DA:5,1
DA:6,1
DA:7,0
DA:8,0
DA:9,1
DA:10,1
DA:11,1
DA:12,1
DA:13,1
DA:14,1
DA:15,1
DA:16,24
DA:17,24
DA:18,1
DA:19,1
DA:20,1
DA:21,48
DA:22,1
DA:23,1
DA:24,1
DA:25,1
DA:26,1
DA:27,48
DA:28,8
DA:29,48
DA:30,16
DA:31,40
DA:32,10
DA:33,24
DA:34,14
DA:35,14
DA:36,48
DA:37,1
DA:38,1
LF:38
LH:35
BRDA:1,0,0,1
BRDA:2,1,0,0
BRDA:2,2,0,0
BRDA:6,3,0,0
BRDA:9,4,0,1
BRDA:15,5,0,24
BRDA:16,6,0,12
BRDA:16,7,0,12
BRDA:20,8,0,48
BRDA:26,9,0,48
BRDA:27,10,0,8
BRDA:29,11,0,40
BRDA:29,12,0,16
BRDA:31,13,0,24
BRDA:31,14,0,10
BRDA:33,15,0,14
BRF:16
BRH:13
end_of_record
