TN:
SF:unitTestingTask.js
FN:23,leadingZeroes
FN:40,YYYY
FN:43,YY
FN:46,MMMM
FN:49,MMM
FN:52,MM
FN:55,M
FN:58,DDD
FN:61,DD
FN:64,D
FN:67,dd
FN:70,d
FN:73,HH
FN:76,H
FN:79,hh
FN:82,h
FN:85,mm
FN:88,m
FN:91,ss
FN:94,s
FN:97,ff
FN:100,f
FN:103,A
FN:106,a
FN:109,ZZ
FN:119,Z
FN:170,unitTestingTask
FN:207,unitTestingTask.lang
FN:234,months
FN:238,monthsShort
FN:244,meridiem
FN:258,createFormatter
FN:290,unitTestingTask.register
FN:300,unitTestingTask.formatters
FN:318,unitTestingTask.noConflict
FNF:35
FNH:35
FNDA:1992,leadingZeroes
FNDA:145,YYYY
FNDA:108,YY
FNDA:192,MMMM
FNDA:252,MMM
FNDA:624,MM
FNDA:108,M
FNDA:132,DDD
FNDA:108,DD
FNDA:108,D
FNDA:288,dd
FNDA:108,d
FNDA:108,HH
FNDA:108,H
FNDA:108,hh
FNDA:108,h
FNDA:108,mm
FNDA:108,m
FNDA:108,ss
FNDA:108,s
FNDA:108,ff
FNDA:108,f
FNDA:108,A
FNDA:108,a
FNDA:216,ZZ
FNDA:108,Z
FNDA:3699,unitTestingTask
FNDA:8910,unitTestingTask.lang
FNDA:12,months
FNDA:12,monthsShort
FNDA:24,meridiem
FNDA:101,createFormatter
FNDA:101,unitTestingTask.register
FNDA:98,unitTestingTask.formatters
FNDA:1,unitTestingTask.noConflict
DA:1,1
DA:2,1
DA:3,0
DA:4,0
DA:5,0
DA:6,1
DA:7,1
DA:8,1
DA:9,0
DA:10,0
DA:11,1
DA:12,1
DA:13,1
DA:14,1
DA:15,1
DA:16,1
DA:17,1
DA:18,1
DA:19,1
DA:20,1
DA:21,1
DA:22,1
DA:23,1
DA:24,1992
DA:25,1992
DA:26,1992
DA:27,1992
DA:28,0
DA:29,0
DA:30,1992
DA:31,1992
DA:32,1992
DA:33,1992
DA:34,1992
DA:35,1992
DA:36,1
DA:37,1
DA:38,1
DA:39,1
DA:40,1
DA:41,145
DA:42,1
DA:43,1
DA:44,108
DA:45,1
DA:46,1
DA:47,192
DA:48,1
DA:49,1
DA:50,252
DA:51,1
DA:52,1
DA:53,624
DA:54,1
DA:55,1
DA:56,108
DA:57,1
DA:58,1
DA:59,132
DA:60,1
DA:61,1
DA:62,108
DA:63,1
DA:64,1
DA:65,108
DA:66,1
DA:67,1
DA:68,288
DA:69,1
DA:70,1
DA:71,108
DA:72,1
DA:73,1
DA:74,108
DA:75,1
DA:76,1
DA:77,108
DA:78,1
DA:79,1
DA:80,108
DA:81,1
DA:82,1
DA:83,108
DA:84,1
DA:85,1
DA:86,108
DA:87,1
DA:88,1
DA:89,108
DA:90,1
DA:91,1
DA:92,108
DA:93,1
DA:94,1
DA:95,108
DA:96,1
DA:97,1
DA:98,108
DA:99,1
DA:100,1
DA:101,108
DA:102,1
DA:103,1
DA:104,108
DA:105,1
DA:106,1
DA:107,108
DA:108,1
DA:109,1
DA:110,216
DA:111,216
DA:112,216
DA:113,216
DA:114,216
DA:115,216
DA:116,216
DA:117,216
DA:118,1
DA:119,1
DA:120,108
DA:121,108
DA:122,1
DA:123,1
DA:124,1
DA:125,1
DA:126,25
DA:127,25
DA:128,25
DA:129,25
DA:130,1
DA:131,1
DA:132,1
DA:133,1
DA:134,1
DA:135,1
DA:136,1
DA:137,1
DA:138,1
DA:139,1
DA:140,1
DA:141,1
DA:142,1
DA:143,1
DA:144,1
DA:145,1
DA:146,1
DA:147,1
DA:148,1
DA:149,1
DA:150,1
DA:151,1
DA:152,1
DA:153,1
DA:154,1
DA:155,1
DA:156,1
DA:157,1
DA:158,1
DA:159,1
DA:160,1
DA:161,1
DA:162,1
DA:163,1
DA:164,1
DA:165,1
DA:166,1
DA:167,1
DA:168,1
DA:169,1
DA:170,1
DA:171,3699
DA:172,218
DA:173,218
DA:174,3481
DA:175,3699
DA:176,12
DA:177,12
DA:178,3469
DA:179,3699
DA:180,3699
DA:181,3699
DA:182,3699
DA:183,3699
DA:184,12
DA:185,3699
DA:186,3457
DA:187,3685
DA:188,3457
DA:189,3457
DA:190,3699
DA:191,1
DA:192,1
DA:193,1
DA:194,1
DA:195,1
DA:196,1
DA:197,1
DA:198,1
DA:199,1
DA:200,1
DA:201,1
DA:202,1
DA:203,1
DA:204,1
DA:205,1
DA:206,1
DA:207,1
DA:208,8910
DA:209,1117
DA:210,1117
DA:211,7793
DA:212,8910
DA:213,7779
DA:214,282
DA:215,7779
DA:216,7497
DA:217,7497
DA:218,7497
DA:219,7497
DA:220,97
DA:221,97
DA:222,7497
DA:223,7682
DA:224,7682
DA:225,14
DA:226,14
DA:227,14
DA:228,14
DA:229,1
DA:230,1
DA:231,1
DA:232,1
DA:233,1
DA:234,1
DA:235,12
DA:236,1
DA:237,1
DA:238,1
DA:239,12
DA:240,1
DA:241,1
DA:242,1
DA:243,1
DA:244,1
DA:245,24
DA:246,14
DA:247,24
DA:248,10
DA:249,10
DA:250,24
DA:251,1
DA:252,1
DA:253,1
DA:254,1
DA:255,1
DA:256,1
DA:257,1
DA:258,1
DA:259,101
DA:260,12
DA:261,12
DA:262,101
DA:263,1
DA:264,1
DA:265,1
DA:266,1
DA:267,1
DA:268,1
DA:269,1
DA:270,1
DA:271,1
DA:272,1
DA:273,1
DA:274,1
DA:275,1
DA:276,1
DA:277,1
DA:278,1
DA:279,1
DA:280,1
DA:281,1
DA:282,1
DA:283,1
DA:284,1
DA:285,1
DA:286,1
DA:287,1
DA:288,1
DA:289,1
DA:290,1
DA:291,101
DA:292,101
DA:293,1
DA:294,1
DA:295,1
DA:296,1
DA:297,1
DA:298,1
DA:299,1
DA:300,1
DA:301,98
DA:302,1
DA:303,1
DA:304,1
DA:305,1
DA:306,1
DA:307,1
DA:308,1
DA:309,1
DA:310,1
DA:311,1
DA:312,1
DA:313,1
DA:314,1
DA:315,1
DA:316,1
DA:317,1
DA:318,1
DA:319,1
DA:320,1
DA:321,1
DA:322,1
DA:323,1
DA:324,1
LF:324
LH:317
BRDA:1,0,0,1
BRDA:2,1,0,0
BRDA:2,2,0,0
BRDA:8,3,0,0
BRDA:11,4,0,1
BRDA:125,5,0,25
BRDA:23,6,0,1992
BRDA:25,7,0,108
BRDA:25,8,0,1884
BRDA:27,9,0,0
BRDA:32,10,0,1201
BRDA:40,11,0,145
BRDA:43,12,0,108
BRDA:46,13,0,192
BRDA:49,14,0,252
BRDA:52,15,0,624
BRDA:55,16,0,108
BRDA:58,17,0,132
BRDA:61,18,0,108
BRDA:64,19,0,108
BRDA:67,20,0,288
BRDA:70,21,0,108
BRDA:73,22,0,108
BRDA:76,23,0,108
BRDA:79,24,0,108
BRDA:80,25,0,1
BRDA:82,26,0,108
BRDA:83,27,0,1
BRDA:85,28,0,108
BRDA:88,29,0,108
BRDA:91,30,0,108
BRDA:94,31,0,108
BRDA:97,32,0,108
BRDA:100,33,0,108
BRDA:103,34,0,108
BRDA:106,35,0,108
BRDA:109,36,0,216
BRDA:113,37,0,0
BRDA:115,38,0,108
BRDA:119,39,0,108
BRDA:170,40,0,3699
BRDA:171,41,0,3481
BRDA:171,42,0,218
BRDA:173,43,0,3481
BRDA:175,44,0,3445
BRDA:175,45,0,13
BRDA:175,46,0,13
BRDA:175,47,0,12
BRDA:177,48,0,3469
BRDA:179,49,0,3433
BRDA:179,50,0,3433
BRDA:179,51,0,3432
BRDA:179,52,0,1
BRDA:179,53,0,36
BRDA:183,54,0,12
BRDA:185,55,0,3457
BRDA:186,56,0,3685
BRDA:207,57,0,8910
BRDA:208,58,0,1117
BRDA:210,59,0,7793
BRDA:212,60,0,7779
BRDA:213,61,0,7778
BRDA:213,62,0,282
BRDA:215,63,0,7497
BRDA:219,64,0,97
BRDA:222,65,0,7682
BRDA:224,66,0,14
BRDA:234,67,0,12
BRDA:238,68,0,12
BRDA:244,69,0,24
BRDA:245,70,0,14
BRDA:246,71,0,7
BRDA:246,72,0,7
BRDA:247,73,0,10
BRDA:248,74,0,5
BRDA:248,75,0,5
BRDA:258,76,0,101
BRDA:259,77,0,12
BRDA:290,78,0,101
BRDA:300,79,0,98
BRDA:318,80,0,1
BRF:81
BRH:76
end_of_record
TN:
SF:lang/be.js
FN:15,months
FN:20,monthsShort
FN:26,meridiem
FNF:3
FNH:3
FNDA:24,months
FNDA:36,monthsShort
FNDA:24,meridiem
DA:1,1
DA:2,1
DA:3,0
DA:4,1
DA:5,1
DA:6,1
DA:7,0
DA:8,0
DA:9,1
DA:10,1
DA:11,1
DA:12,1
DA:13,1
DA:14,1
DA:15,1
DA:16,24
DA:17,24
DA:18,1
DA:19,1
DA:20,1
DA:21,36
DA:22,1
DA:23,1
DA:24,1
DA:25,1
DA:26,1
DA:27,24
DA:28,0
DA:29,24
DA:30,0
DA:31,24
DA:32,0
DA:33,24
DA:34,24
DA:35,24
DA:36,24
DA:37,1
DA:38,1
LF:38
LH:32
BRDA:1,0,0,1
BRDA:2,1,0,0
BRDA:2,2,0,0
BRDA:6,3,0,0
BRDA:9,4,0,1
BRDA:15,5,0,24
BRDA:16,6,0,12
BRDA:16,7,0,12
BRDA:20,8,0,36
BRDA:26,9,0,24
BRDA:27,10,0,0
BRDA:29,11,0,0
BRDA:31,12,0,0
BRF:13
BRH:7
end_of_record
TN:
SF:lang/cs.js
FN:15,months
FN:23,monthsShort
FN:30,meridiem
FNF:3
FNH:3
FNDA:24,months
FNDA:12,monthsShort
FNDA:24,meridiem
DA:1,1
DA:2,1
DA:3,0
DA:4,1
DA:5,1
DA:6,1
DA:7,0
DA:8,0
DA:9,1
DA:10,1
DA:11,1
DA:12,1
DA:13,1
DA:14,1
DA:15,1
DA:16,24
DA:17,24
DA:18,1
DA:19,1
DA:20,1
DA:21,1
DA:22,1
DA:23,1
DA:24,12
DA:25,12
DA:26,1
DA:27,1
DA:28,1
DA:29,1
DA:30,1
DA:31,24
DA:32,0
DA:33,24
DA:34,24
DA:35,24
DA:36,24
DA:37,1
DA:38,1
LF:38
LH:34
BRDA:1,0,0,1
BRDA:2,1,0,0
BRDA:2,2,0,0
BRDA:6,3,0,0
BRDA:9,4,0,1
BRDA:15,5,0,24
BRDA:16,6,0,12
BRDA:16,7,0,12
BRDA:23,8,0,12
BRDA:24,9,0,0
BRDA:30,10,0,24
BRDA:31,11,0,0
BRF:12
BRH:7
end_of_record
TN:
SF:lang/kk.js
FN:15,months
FN:20,monthsShort
FNF:2
FNH:2
FNDA:12,months
FNDA:12,monthsShort
DA:1,1
DA:2,1
DA:3,0
DA:4,1
DA:5,1
DA:6,1
DA:7,0
DA:8,0
DA:9,1
DA:10,1
DA:11,1
DA:12,1
DA:13,1
DA:14,1
DA:15,1
DA:16,12
DA:17,12
DA:18,1
DA:19,1
DA:20,1
DA:21,12
DA:22,1
DA:23,1
DA:24,1
DA:25,1
DA:26,1
DA:27,1
LF:27
LH:24
BRDA:1,0,0,1
BRDA:2,1,0,0
BRDA:2,2,0,0
BRDA:6,3,0,0
BRDA:9,4,0,1
BRDA:15,5,0,12
BRDA:16,6,0,0
BRDA:20,7,0,12
BRF:8
BRH:4
end_of_record
TN:
SF:lang/pl.js
FN:15,months
FN:23,monthsShort
FN:30,meridiem
FNF:3
FNH:3
FNDA:24,months
FNDA:36,monthsShort
FNDA:24,meridiem
DA:1,1
DA:2,1
DA:3,0
DA:4,1
DA:5,1
DA:6,1
DA:7,0
DA:8,0
DA:9,1
DA:10,1
DA:11,1
DA:12,1
DA:13,1
DA:14,1
DA:15,1
DA:16,24
DA:17,24
DA:18,1
DA:19,1
DA:20,1
DA:21,1
DA:22,1
DA:23,1
DA:24,36
DA:25,36
DA:26,1
DA:27,1
DA:28,1
DA:29,1
DA:30,1
DA:31,24
DA:32,0
DA:33,24
DA:34,24
DA:35,24
DA:36,24
DA:37,1
DA:38,1
LF:38
LH:34
BRDA:1,0,0,1
BRDA:2,1,0,0
BRDA:2,2,0,0
BRDA:6,3,0,0
BRDA:9,4,0,1
BRDA:15,5,0,24
BRDA:16,6,0,12
BRDA:16,7,0,12
BRDA:23,8,0,36
BRDA:24,9,0,12
BRDA:24,10,0,24
BRDA:30,11,0,24
BRDA:31,12,0,0
BRF:13
BRH:9
end_of_record
TN:
SF:lang/ru.js
FN:15,months
FN:23,monthsShort
FN:30,meridiem
FNF:3
FNH:3
FNDA:24,months
FNDA:36,monthsShort
FNDA:24,meridiem
DA:1,1
DA:2,1
DA:3,0
DA:4,1
DA:5,1
DA:6,1
DA:7,0
DA:8,0
DA:9,1
DA:10,1
DA:11,1
DA:12,1
DA:13,1
DA:14,1
DA:15,1
DA:16,24
DA:17,24
DA:18,1
DA:19,1
DA:20,1
DA:21,1
DA:22,1
DA:23,1
DA:24,36
DA:25,36
DA:26,1
DA:27,1
DA:28,1
DA:29,1
DA:30,1
DA:31,24
DA:32,0
DA:33,24
DA:34,0
DA:35,24
DA:36,0
DA:37,24
DA:38,24
DA:39,24
DA:40,24
DA:41,1
DA:42,1
LF:42
LH:36
BRDA:1,0,0,1
BRDA:2,1,0,0
BRDA:2,2,0,0
BRDA:6,3,0,0
BRDA:9,4,0,1
BRDA:15,5,0,24
BRDA:16,6,0,12
BRDA:16,7,0,12
BRDA:23,8,0,36
BRDA:24,9,0,12
BRDA:24,10,0,24
BRDA:30,11,0,24
BRDA:31,12,0,0
BRDA:33,13,0,0
BRDA:35,14,0,0
BRF:15
BRH:9
end_of_record
TN:
SF:lang/tr.js
FN:12,months
FN:16,monthsShort
FNF:2
FNH:2
FNDA:24,months
FNDA:36,monthsShort
DA:1,1
DA:2,1
DA:3,0
DA:4,1
DA:5,1
DA:6,1
DA:7,0
DA:8,0
DA:9,1
DA:10,1
DA:11,1
DA:12,1
DA:13,24
DA:14,1
DA:15,1
DA:16,1
DA:17,36
DA:18,1
DA:19,1
DA:20,1
DA:21,1
DA:22,1
DA:23,1
LF:23
LH:20
BRDA:1,0,0,1
BRDA:2,1,0,0
BRDA:2,2,0,0
BRDA:6,3,0,0
BRDA:9,4,0,1
BRDA:12,5,0,24
BRDA:16,6,0,36
BRF:7
BRH:4
end_of_record
TN:
SF:lang/tt.js
FN:12,months
FN:16,monthsShort
FNF:2
FNH:2
FNDA:24,months
FNDA:36,monthsShort
DA:1,1
DA:2,1
DA:3,0
DA:4,1
DA:5,1
DA:6,1
DA:7,0
DA:8,0
DA:9,1
DA:10,1
DA:11,1
DA:12,1
DA:13,24
DA:14,1
DA:15,1
DA:16,1
DA:17,36
DA:18,1
DA:19,1
DA:20,1
DA:21,1
DA:22,1
DA:23,1
LF:23
LH:20
BRDA:1,0,0,1
BRDA:2,1,0,0
BRDA:2,2,0,0
BRDA:6,3,0,0
BRDA:9,4,0,1
BRDA:12,5,0,24
BRDA:16,6,0,36
BRF:7
BRH:4
end_of_record
TN:
SF:lang/uk.js
FN:15,months
FN:20,monthsShort
FN:26,meridiem
FNF:3
FNH:3
FNDA:24,months
FNDA:36,monthsShort
FNDA:24,meridiem
DA:1,1
DA:2,1
DA:3,0
DA:4,1
DA:5,1
DA:6,1
DA:7,0
DA:8,0
DA:9,1
DA:10,1
DA:11,1
DA:12,1
DA:13,1
DA:14,1
DA:15,1
DA:16,24
DA:17,24
DA:18,1
DA:19,1
DA:20,1
DA:21,36
DA:22,1
DA:23,1
DA:24,1
DA:25,1
DA:26,1
DA:27,24
DA:28,0
DA:29,24
DA:30,0
DA:31,24
DA:32,0
DA:33,24
DA:34,24
DA:35,24
DA:36,24
DA:37,1
DA:38,1
LF:38
LH:32
BRDA:1,0,0,1
BRDA:2,1,0,0
BRDA:2,2,0,0
BRDA:6,3,0,0
BRDA:9,4,0,1
BRDA:15,5,0,24
BRDA:16,6,0,12
BRDA:16,7,0,12
BRDA:20,8,0,36
BRDA:26,9,0,24
BRDA:27,10,0,0
BRDA:29,11,0,0
BRDA:31,12,0,0
BRF:13
BRH:7
end_of_record
